The target system is: Android - 1 - x86_64
The host system is: Darwin - 25.2.0 - arm64
Compiling the C compiler identification source file "CMakeCCompilerId.c" succeeded.
Compiler: /Users/abraralishah/Library/Android/sdk/ndk/29.0.14206865/toolchains/llvm/prebuilt/darwin-x86_64/bin/clang 
Build flags: -g;-DANDROID;-fdata-sections;-ffunction-sections;-funwind-tables;-fstack-protector-strong;-no-canonical-prefixes;-D_FORTIFY_SOURCE=2;-Wformat;-Werror=format-security;
Id flags: -c;--target=x86_64-none-linux-android24 

The output was:
0


Compilation of the C compiler identification source "CMakeCCompilerId.c" produced "CMakeCCompilerId.o"

The C compiler identification is Clang, found in "/Users/abraralishah/Downloads/ncnn-android/app/.cxx/Debug/1r5f5p3z/x86_64/CMakeFiles/3.22.1-g37088a8/CompilerIdC/CMakeCCompilerId.o"

Compiling the CXX compiler identification source file "CMakeCXXCompilerId.cpp" succeeded.
Compiler: /Users/abraralishah/Library/Android/sdk/ndk/29.0.14206865/toolchains/llvm/prebuilt/darwin-x86_64/bin/clang++ 
Build flags: -g;-DANDROID;-fdata-sections;-ffunction-sections;-funwind-tables;-fstack-protector-strong;-no-canonical-prefixes;-D_FORTIFY_SOURCE=2;-Wformat;-Werror=format-security;;
Id flags: -c;--target=x86_64-none-linux-android24 

The output was:
0


Compilation of the CXX compiler identification source "CMakeCXXCompilerId.cpp" produced "CMakeCXXCompilerId.o"

The CXX compiler identification is Clang, found in "/Users/abraralishah/Downloads/ncnn-android/app/.cxx/Debug/1r5f5p3z/x86_64/CMakeFiles/3.22.1-g37088a8/CompilerIdCXX/CMakeCXXCompilerId.o"

Detecting C compiler ABI info compiled with the following output:
Change Dir: /Users/abraralishah/Downloads/ncnn-android/app/.cxx/Debug/1r5f5p3z/x86_64/CMakeFiles/CMakeTmp

Run Build Command(s):/Users/abraralishah/Library/Android/sdk/cmake/3.22.1/bin/ninja cmTC_8548f && [1/2] Building C object CMakeFiles/cmTC_8548f.dir/CMakeCCompilerABI.c.o
Android (13989888, +pgo, -bolt, +lto, -mlgo, based on r563880c) clang version 21.0.0 (https://android.googlesource.com/toolchain/llvm-project 5e96669f06077099aa41290cdb4c5e6fa0f59349)
Target: x86_64-none-linux-android24
Thread model: posix
InstalledDir: /Users/abraralishah/Library/Android/sdk/ndk/29.0.14206865/toolchains/llvm/prebuilt/darwin-x86_64/bin
 (in-process)
 "/Users/abraralishah/Library/Android/sdk/ndk/29.0.14206865/toolchains/llvm/prebuilt/darwin-x86_64/bin/clang" -cc1 -triple x86_64-none-linux-android24 -emit-obj -disable-free -clear-ast-before-backend -disable-llvm-verifier -discard-value-names -main-file-name CMakeCCompilerABI.c -mrelocation-model pic -pic-level 2 -pic-is-pie -mframe-pointer=non-leaf -ffp-contract=on -fno-rounding-math -mconstructor-aliases -funwind-tables=2 -target-cpu x86-64 -target-feature +sse4.2 -target-feature +popcnt -target-feature +cx16 -tune-cpu generic -debug-info-kind=constructor -dwarf-version=4 -debugger-tuning=gdb -fdebug-compilation-dir=/Users/abraralishah/Downloads/ncnn-android/app/.cxx/Debug/1r5f5p3z/x86_64/CMakeFiles/CMakeTmp -v -ffunction-sections -fdata-sections -fcoverage-compilation-dir=/Users/abraralishah/Downloads/ncnn-android/app/.cxx/Debug/1r5f5p3z/x86_64/CMakeFiles/CMakeTmp -resource-dir /Users/abraralishah/Library/Android/sdk/ndk/29.0.14206865/toolchains/llvm/prebuilt/darwin-x86_64/lib/clang/21 -dependency-file CMakeFiles/cmTC_8548f.dir/CMakeCCompilerABI.c.o.d -MT CMakeFiles/cmTC_8548f.dir/CMakeCCompilerABI.c.o -sys-header-deps -D ANDROID -D _FORTIFY_SOURCE=2 -isysroot /Users/abraralishah/Library/Android/sdk/ndk/29.0.14206865/toolchains/llvm/prebuilt/darwin-x86_64/sysroot -internal-isystem /Users/abraralishah/Library/Android/sdk/ndk/29.0.14206865/toolchains/llvm/prebuilt/darwin-x86_64/lib/clang/21/include -internal-isystem /Users/abraralishah/Library/Android/sdk/ndk/29.0.14206865/toolchains/llvm/prebuilt/darwin-x86_64/sysroot/usr/local/include -internal-externc-isystem /Users/abraralishah/Library/Android/sdk/ndk/29.0.14206865/toolchains/llvm/prebuilt/darwin-x86_64/sysroot/usr/include/x86_64-linux-android -internal-externc-isystem /Users/abraralishah/Library/Android/sdk/ndk/29.0.14206865/toolchains/llvm/prebuilt/darwin-x86_64/sysroot/include -internal-externc-isystem /Users/abraralishah/Library/Android/sdk/ndk/29.0.14206865/toolchains/llvm/prebuilt/darwin-x86_64/sysroot/usr/include -Wformat -ferror-limit 19 -femulated-tls -stack-protector 2 -fgnuc-version=4.2.1 -fskip-odr-check-in-gmf -D__GCC_HAVE_DWARF2_CFI_ASM=1 -o CMakeFiles/cmTC_8548f.dir/CMakeCCompilerABI.c.o -x c /Users/abraralishah/Library/Android/sdk/cmake/3.22.1/share/cmake-3.22/Modules/CMakeCCompilerABI.c
clang -cc1 version 21.0.0 based upon LLVM 21.0.0 default target arm64-apple-darwin25.2.0
ignoring nonexistent directory "/Users/abraralishah/Library/Android/sdk/ndk/29.0.14206865/toolchains/llvm/prebuilt/darwin-x86_64/sysroot/usr/local/include"
ignoring nonexistent directory "/Users/abraralishah/Library/Android/sdk/ndk/29.0.14206865/toolchains/llvm/prebuilt/darwin-x86_64/sysroot/include"
#include "..." search starts here:
#include <...> search starts here:
 /Users/abraralishah/Library/Android/sdk/ndk/29.0.14206865/toolchains/llvm/prebuilt/darwin-x86_64/lib/clang/21/include
 /Users/abraralishah/Library/Android/sdk/ndk/29.0.14206865/toolchains/llvm/prebuilt/darwin-x86_64/sysroot/usr/include/x86_64-linux-android
 /Users/abraralishah/Library/Android/sdk/ndk/29.0.14206865/toolchains/llvm/prebuilt/darwin-x86_64/sysroot/usr/include
End of search list.
[2/2] Linking C executable cmTC_8548f
Android (13989888, +pgo, -bolt, +lto, -mlgo, based on r563880c) clang version 21.0.0 (https://android.googlesource.com/toolchain/llvm-project 5e96669f06077099aa41290cdb4c5e6fa0f59349)
Target: x86_64-none-linux-android24
Thread model: posix
InstalledDir: /Users/abraralishah/Library/Android/sdk/ndk/29.0.14206865/toolchains/llvm/prebuilt/darwin-x86_64/bin
 "/Users/abraralishah/Library/Android/sdk/ndk/29.0.14206865/toolchains/llvm/prebuilt/darwin-x86_64/bin/ld.lld" --sysroot=/Users/abraralishah/Library/Android/sdk/ndk/29.0.14206865/toolchains/llvm/prebuilt/darwin-x86_64/sysroot -z now -z relro -z max-page-size=16384 --no-rosegment --hash-style=gnu --eh-frame-hdr -m elf_x86_64 -pie -dynamic-linker /system/bin/linker64 -o cmTC_8548f /Users/abraralishah/Library/Android/sdk/ndk/29.0.14206865/toolchains/llvm/prebuilt/darwin-x86_64/sysroot/usr/lib/x86_64-linux-android/24/crtbegin_dynamic.o -L/Users/abraralishah/Library/Android/sdk/ndk/29.0.14206865/toolchains/llvm/prebuilt/darwin-x86_64/lib/clang/21/lib/linux/x86_64 -L/Users/abraralishah/Library/Android/sdk/ndk/29.0.14206865/toolchains/llvm/prebuilt/darwin-x86_64/sysroot/usr/lib/x86_64-linux-android/24 -L/Users/abraralishah/Library/Android/sdk/ndk/29.0.14206865/toolchains/llvm/prebuilt/darwin-x86_64/sysroot/usr/lib/x86_64-linux-android -L/Users/abraralishah/Library/Android/sdk/ndk/29.0.14206865/toolchains/llvm/prebuilt/darwin-x86_64/sysroot/usr/lib --build-id=sha1 --no-rosegment --no-undefined-version --fatal-warnings --no-undefined CMakeFiles/cmTC_8548f.dir/CMakeCCompilerABI.c.o /Users/abraralishah/Library/Android/sdk/ndk/29.0.14206865/toolchains/llvm/prebuilt/darwin-x86_64/lib/clang/21/lib/linux/libclang_rt.builtins-x86_64-android.a -l:libunwind.a -ldl -lc /Users/abraralishah/Library/Android/sdk/ndk/29.0.14206865/toolchains/llvm/prebuilt/darwin-x86_64/lib/clang/21/lib/linux/libclang_rt.builtins-x86_64-android.a -l:libunwind.a -ldl /Users/abraralishah/Library/Android/sdk/ndk/29.0.14206865/toolchains/llvm/prebuilt/darwin-x86_64/sysroot/usr/lib/x86_64-linux-android/24/crtend_android.o



Parsed C implicit include dir info from above output: rv=done
  found start of include info
  found start of implicit include info
    add: [/Users/abraralishah/Library/Android/sdk/ndk/29.0.14206865/toolchains/llvm/prebuilt/darwin-x86_64/lib/clang/21/include]
    add: [/Users/abraralishah/Library/Android/sdk/ndk/29.0.14206865/toolchains/llvm/prebuilt/darwin-x86_64/sysroot/usr/include/x86_64-linux-android]
    add: [/Users/abraralishah/Library/Android/sdk/ndk/29.0.14206865/toolchains/llvm/prebuilt/darwin-x86_64/sysroot/usr/include]
  end of search list found
  collapse include dir [/Users/abraralishah/Library/Android/sdk/ndk/29.0.14206865/toolchains/llvm/prebuilt/darwin-x86_64/lib/clang/21/include] ==> [/Users/abraralishah/Library/Android/sdk/ndk/29.0.14206865/toolchains/llvm/prebuilt/darwin-x86_64/lib/clang/21/include]
  collapse include dir [/Users/abraralishah/Library/Android/sdk/ndk/29.0.14206865/toolchains/llvm/prebuilt/darwin-x86_64/sysroot/usr/include/x86_64-linux-android] ==> [/Users/abraralishah/Library/Android/sdk/ndk/29.0.14206865/toolchains/llvm/prebuilt/darwin-x86_64/sysroot/usr/include/x86_64-linux-android]
  collapse include dir [/Users/abraralishah/Library/Android/sdk/ndk/29.0.14206865/toolchains/llvm/prebuilt/darwin-x86_64/sysroot/usr/include] ==> [/Users/abraralishah/Library/Android/sdk/ndk/29.0.14206865/toolchains/llvm/prebuilt/darwin-x86_64/sysroot/usr/include]
  implicit include dirs: [/Users/abraralishah/Library/Android/sdk/ndk/29.0.14206865/toolchains/llvm/prebuilt/darwin-x86_64/lib/clang/21/include;/Users/abraralishah/Library/Android/sdk/ndk/29.0.14206865/toolchains/llvm/prebuilt/darwin-x86_64/sysroot/usr/include/x86_64-linux-android;/Users/abraralishah/Library/Android/sdk/ndk/29.0.14206865/toolchains/llvm/prebuilt/darwin-x86_64/sysroot/usr/include]


Parsed C implicit link information from above output:
  link line regex: [^( *|.*[/\])(ld\.lld|CMAKE_LINK_STARTFILE-NOTFOUND|([^/\]+-)?ld|collect2)[^/\]*( |$)]
  ignore line: [Change Dir: /Users/abraralishah/Downloads/ncnn-android/app/.cxx/Debug/1r5f5p3z/x86_64/CMakeFiles/CMakeTmp]
  ignore line: []
  ignore line: [Run Build Command(s):/Users/abraralishah/Library/Android/sdk/cmake/3.22.1/bin/ninja cmTC_8548f && [1/2] Building C object CMakeFiles/cmTC_8548f.dir/CMakeCCompilerABI.c.o]
  ignore line: [Android (13989888  +pgo  -bolt  +lto  -mlgo  based on r563880c) clang version 21.0.0 (https://android.googlesource.com/toolchain/llvm-project 5e96669f06077099aa41290cdb4c5e6fa0f59349)]
  ignore line: [Target: x86_64-none-linux-android24]
  ignore line: [Thread model: posix]
  ignore line: [InstalledDir: /Users/abraralishah/Library/Android/sdk/ndk/29.0.14206865/toolchains/llvm/prebuilt/darwin-x86_64/bin]
  ignore line: [ (in-process)]
  ignore line: [ "/Users/abraralishah/Library/Android/sdk/ndk/29.0.14206865/toolchains/llvm/prebuilt/darwin-x86_64/bin/clang" -cc1 -triple x86_64-none-linux-android24 -emit-obj -disable-free -clear-ast-before-backend -disable-llvm-verifier -discard-value-names -main-file-name CMakeCCompilerABI.c -mrelocation-model pic -pic-level 2 -pic-is-pie -mframe-pointer=non-leaf -ffp-contract=on -fno-rounding-math -mconstructor-aliases -funwind-tables=2 -target-cpu x86-64 -target-feature +sse4.2 -target-feature +popcnt -target-feature +cx16 -tune-cpu generic -debug-info-kind=constructor -dwarf-version=4 -debugger-tuning=gdb -fdebug-compilation-dir=/Users/abraralishah/Downloads/ncnn-android/app/.cxx/Debug/1r5f5p3z/x86_64/CMakeFiles/CMakeTmp -v -ffunction-sections -fdata-sections -fcoverage-compilation-dir=/Users/abraralishah/Downloads/ncnn-android/app/.cxx/Debug/1r5f5p3z/x86_64/CMakeFiles/CMakeTmp -resource-dir /Users/abraralishah/Library/Android/sdk/ndk/29.0.14206865/toolchains/llvm/prebuilt/darwin-x86_64/lib/clang/21 -dependency-file CMakeFiles/cmTC_8548f.dir/CMakeCCompilerABI.c.o.d -MT CMakeFiles/cmTC_8548f.dir/CMakeCCompilerABI.c.o -sys-header-deps -D ANDROID -D _FORTIFY_SOURCE=2 -isysroot /Users/abraralishah/Library/Android/sdk/ndk/29.0.14206865/toolchains/llvm/prebuilt/darwin-x86_64/sysroot -internal-isystem /Users/abraralishah/Library/Android/sdk/ndk/29.0.14206865/toolchains/llvm/prebuilt/darwin-x86_64/lib/clang/21/include -internal-isystem /Users/abraralishah/Library/Android/sdk/ndk/29.0.14206865/toolchains/llvm/prebuilt/darwin-x86_64/sysroot/usr/local/include -internal-externc-isystem /Users/abraralishah/Library/Android/sdk/ndk/29.0.14206865/toolchains/llvm/prebuilt/darwin-x86_64/sysroot/usr/include/x86_64-linux-android -internal-externc-isystem /Users/abraralishah/Library/Android/sdk/ndk/29.0.14206865/toolchains/llvm/prebuilt/darwin-x86_64/sysroot/include -internal-externc-isystem /Users/abraralishah/Library/Android/sdk/ndk/29.0.14206865/toolchains/llvm/prebuilt/darwin-x86_64/sysroot/usr/include -Wformat -ferror-limit 19 -femulated-tls -stack-protector 2 -fgnuc-version=4.2.1 -fskip-odr-check-in-gmf -D__GCC_HAVE_DWARF2_CFI_ASM=1 -o CMakeFiles/cmTC_8548f.dir/CMakeCCompilerABI.c.o -x c /Users/abraralishah/Library/Android/sdk/cmake/3.22.1/share/cmake-3.22/Modules/CMakeCCompilerABI.c]
  ignore line: [clang -cc1 version 21.0.0 based upon LLVM 21.0.0 default target arm64-apple-darwin25.2.0]
  ignore line: [ignoring nonexistent directory "/Users/abraralishah/Library/Android/sdk/ndk/29.0.14206865/toolchains/llvm/prebuilt/darwin-x86_64/sysroot/usr/local/include"]
  ignore line: [ignoring nonexistent directory "/Users/abraralishah/Library/Android/sdk/ndk/29.0.14206865/toolchains/llvm/prebuilt/darwin-x86_64/sysroot/include"]
  ignore line: [#include "..." search starts here:]
  ignore line: [#include <...> search starts here:]
  ignore line: [ /Users/abraralishah/Library/Android/sdk/ndk/29.0.14206865/toolchains/llvm/prebuilt/darwin-x86_64/lib/clang/21/include]
  ignore line: [ /Users/abraralishah/Library/Android/sdk/ndk/29.0.14206865/toolchains/llvm/prebuilt/darwin-x86_64/sysroot/usr/include/x86_64-linux-android]
  ignore line: [ /Users/abraralishah/Library/Android/sdk/ndk/29.0.14206865/toolchains/llvm/prebuilt/darwin-x86_64/sysroot/usr/include]
  ignore line: [End of search list.]
  ignore line: [[2/2] Linking C executable cmTC_8548f]
  ignore line: [Android (13989888  +pgo  -bolt  +lto  -mlgo  based on r563880c) clang version 21.0.0 (https://android.googlesource.com/toolchain/llvm-project 5e96669f06077099aa41290cdb4c5e6fa0f59349)]
  ignore line: [Target: x86_64-none-linux-android24]
  ignore line: [Thread model: posix]
  ignore line: [InstalledDir: /Users/abraralishah/Library/Android/sdk/ndk/29.0.14206865/toolchains/llvm/prebuilt/darwin-x86_64/bin]
  link line: [ "/Users/abraralishah/Library/Android/sdk/ndk/29.0.14206865/toolchains/llvm/prebuilt/darwin-x86_64/bin/ld.lld" --sysroot=/Users/abraralishah/Library/Android/sdk/ndk/29.0.14206865/toolchains/llvm/prebuilt/darwin-x86_64/sysroot -z now -z relro -z max-page-size=16384 --no-rosegment --hash-style=gnu --eh-frame-hdr -m elf_x86_64 -pie -dynamic-linker /system/bin/linker64 -o cmTC_8548f /Users/abraralishah/Library/Android/sdk/ndk/29.0.14206865/toolchains/llvm/prebuilt/darwin-x86_64/sysroot/usr/lib/x86_64-linux-android/24/crtbegin_dynamic.o -L/Users/abraralishah/Library/Android/sdk/ndk/29.0.14206865/toolchains/llvm/prebuilt/darwin-x86_64/lib/clang/21/lib/linux/x86_64 -L/Users/abraralishah/Library/Android/sdk/ndk/29.0.14206865/toolchains/llvm/prebuilt/darwin-x86_64/sysroot/usr/lib/x86_64-linux-android/24 -L/Users/abraralishah/Library/Android/sdk/ndk/29.0.14206865/toolchains/llvm/prebuilt/darwin-x86_64/sysroot/usr/lib/x86_64-linux-android -L/Users/abraralishah/Library/Android/sdk/ndk/29.0.14206865/toolchains/llvm/prebuilt/darwin-x86_64/sysroot/usr/lib --build-id=sha1 --no-rosegment --no-undefined-version --fatal-warnings --no-undefined CMakeFiles/cmTC_8548f.dir/CMakeCCompilerABI.c.o /Users/abraralishah/Library/Android/sdk/ndk/29.0.14206865/toolchains/llvm/prebuilt/darwin-x86_64/lib/clang/21/lib/linux/libclang_rt.builtins-x86_64-android.a -l:libunwind.a -ldl -lc /Users/abraralishah/Library/Android/sdk/ndk/29.0.14206865/toolchains/llvm/prebuilt/darwin-x86_64/lib/clang/21/lib/linux/libclang_rt.builtins-x86_64-android.a -l:libunwind.a -ldl /Users/abraralishah/Library/Android/sdk/ndk/29.0.14206865/toolchains/llvm/prebuilt/darwin-x86_64/sysroot/usr/lib/x86_64-linux-android/24/crtend_android.o]
    arg [/Users/abraralishah/Library/Android/sdk/ndk/29.0.14206865/toolchains/llvm/prebuilt/darwin-x86_64/bin/ld.lld] ==> ignore
    arg [--sysroot=/Users/abraralishah/Library/Android/sdk/ndk/29.0.14206865/toolchains/llvm/prebuilt/darwin-x86_64/sysroot] ==> ignore
    arg [-znow] ==> ignore
    arg [-zrelro] ==> ignore
    arg [-zmax-page-size=16384] ==> ignore
    arg [--no-rosegment] ==> ignore
    arg [--hash-style=gnu] ==> ignore
    arg [--eh-frame-hdr] ==> ignore
    arg [-m] ==> ignore
    arg [elf_x86_64] ==> ignore
    arg [-pie] ==> ignore
    arg [-dynamic-linker] ==> ignore
    arg [/system/bin/linker64] ==> ignore
    arg [-o] ==> ignore
    arg [cmTC_8548f] ==> ignore
    arg [/Users/abraralishah/Library/Android/sdk/ndk/29.0.14206865/toolchains/llvm/prebuilt/darwin-x86_64/sysroot/usr/lib/x86_64-linux-android/24/crtbegin_dynamic.o] ==> obj [/Users/abraralishah/Library/Android/sdk/ndk/29.0.14206865/toolchains/llvm/prebuilt/darwin-x86_64/sysroot/usr/lib/x86_64-linux-android/24/crtbegin_dynamic.o]
    arg [-L/Users/abraralishah/Library/Android/sdk/ndk/29.0.14206865/toolchains/llvm/prebuilt/darwin-x86_64/lib/clang/21/lib/linux/x86_64] ==> dir [/Users/abraralishah/Library/Android/sdk/ndk/29.0.14206865/toolchains/llvm/prebuilt/darwin-x86_64/lib/clang/21/lib/linux/x86_64]
    arg [-L/Users/abraralishah/Library/Android/sdk/ndk/29.0.14206865/toolchains/llvm/prebuilt/darwin-x86_64/sysroot/usr/lib/x86_64-linux-android/24] ==> dir [/Users/abraralishah/Library/Android/sdk/ndk/29.0.14206865/toolchains/llvm/prebuilt/darwin-x86_64/sysroot/usr/lib/x86_64-linux-android/24]
    arg [-L/Users/abraralishah/Library/Android/sdk/ndk/29.0.14206865/toolchains/llvm/prebuilt/darwin-x86_64/sysroot/usr/lib/x86_64-linux-android] ==> dir [/Users/abraralishah/Library/Android/sdk/ndk/29.0.14206865/toolchains/llvm/prebuilt/darwin-x86_64/sysroot/usr/lib/x86_64-linux-android]
    arg [-L/Users/abraralishah/Library/Android/sdk/ndk/29.0.14206865/toolchains/llvm/prebuilt/darwin-x86_64/sysroot/usr/lib] ==> dir [/Users/abraralishah/Library/Android/sdk/ndk/29.0.14206865/toolchains/llvm/prebuilt/darwin-x86_64/sysroot/usr/lib]
    arg [--build-id=sha1] ==> ignore
    arg [--no-rosegment] ==> ignore
    arg [--no-undefined-version] ==> ignore
    arg [--fatal-warnings] ==> ignore
    arg [--no-undefined] ==> ignore
    arg [CMakeFiles/cmTC_8548f.dir/CMakeCCompilerABI.c.o] ==> ignore
    arg [/Users/abraralishah/Library/Android/sdk/ndk/29.0.14206865/toolchains/llvm/prebuilt/darwin-x86_64/lib/clang/21/lib/linux/libclang_rt.builtins-x86_64-android.a] ==> lib [/Users/abraralishah/Library/Android/sdk/ndk/29.0.14206865/toolchains/llvm/prebuilt/darwin-x86_64/lib/clang/21/lib/linux/libclang_rt.builtins-x86_64-android.a]
    arg [-l:libunwind.a] ==> lib [-l:libunwind.a]
    arg [-ldl] ==> lib [dl]
    arg [-lc] ==> lib [c]
    arg [/Users/abraralishah/Library/Android/sdk/ndk/29.0.14206865/toolchains/llvm/prebuilt/darwin-x86_64/lib/clang/21/lib/linux/libclang_rt.builtins-x86_64-android.a] ==> lib [/Users/abraralishah/Library/Android/sdk/ndk/29.0.14206865/toolchains/llvm/prebuilt/darwin-x86_64/lib/clang/21/lib/linux/libclang_rt.builtins-x86_64-android.a]
    arg [-l:libunwind.a] ==> lib [-l:libunwind.a]
    arg [-ldl] ==> lib [dl]
    arg [/Users/abraralishah/Library/Android/sdk/ndk/29.0.14206865/toolchains/llvm/prebuilt/darwin-x86_64/sysroot/usr/lib/x86_64-linux-android/24/crtend_android.o] ==> obj [/Users/abraralishah/Library/Android/sdk/ndk/29.0.14206865/toolchains/llvm/prebuilt/darwin-x86_64/sysroot/usr/lib/x86_64-linux-android/24/crtend_android.o]
  remove lib [/Users/abraralishah/Library/Android/sdk/ndk/29.0.14206865/toolchains/llvm/prebuilt/darwin-x86_64/lib/clang/21/lib/linux/libclang_rt.builtins-x86_64-android.a]
  remove lib [/Users/abraralishah/Library/Android/sdk/ndk/29.0.14206865/toolchains/llvm/prebuilt/darwin-x86_64/lib/clang/21/lib/linux/libclang_rt.builtins-x86_64-android.a]
  collapse library dir [/Users/abraralishah/Library/Android/sdk/ndk/29.0.14206865/toolchains/llvm/prebuilt/darwin-x86_64/lib/clang/21/lib/linux/x86_64] ==> [/Users/abraralishah/Library/Android/sdk/ndk/29.0.14206865/toolchains/llvm/prebuilt/darwin-x86_64/lib/clang/21/lib/linux/x86_64]
  collapse library dir [/Users/abraralishah/Library/Android/sdk/ndk/29.0.14206865/toolchains/llvm/prebuilt/darwin-x86_64/sysroot/usr/lib/x86_64-linux-android/24] ==> [/Users/abraralishah/Library/Android/sdk/ndk/29.0.14206865/toolchains/llvm/prebuilt/darwin-x86_64/sysroot/usr/lib/x86_64-linux-android/24]
  collapse library dir [/Users/abraralishah/Library/Android/sdk/ndk/29.0.14206865/toolchains/llvm/prebuilt/darwin-x86_64/sysroot/usr/lib/x86_64-linux-android] ==> [/Users/abraralishah/Library/Android/sdk/ndk/29.0.14206865/toolchains/llvm/prebuilt/darwin-x86_64/sysroot/usr/lib/x86_64-linux-android]
  collapse library dir [/Users/abraralishah/Library/Android/sdk/ndk/29.0.14206865/toolchains/llvm/prebuilt/darwin-x86_64/sysroot/usr/lib] ==> [/Users/abraralishah/Library/Android/sdk/ndk/29.0.14206865/toolchains/llvm/prebuilt/darwin-x86_64/sysroot/usr/lib]
  implicit libs: [-l:libunwind.a;dl;c;-l:libunwind.a;dl]
  implicit objs: [/Users/abraralishah/Library/Android/sdk/ndk/29.0.14206865/toolchains/llvm/prebuilt/darwin-x86_64/sysroot/usr/lib/x86_64-linux-android/24/crtbegin_dynamic.o;/Users/abraralishah/Library/Android/sdk/ndk/29.0.14206865/toolchains/llvm/prebuilt/darwin-x86_64/sysroot/usr/lib/x86_64-linux-android/24/crtend_android.o]
  implicit dirs: [/Users/abraralishah/Library/Android/sdk/ndk/29.0.14206865/toolchains/llvm/prebuilt/darwin-x86_64/lib/clang/21/lib/linux/x86_64;/Users/abraralishah/Library/Android/sdk/ndk/29.0.14206865/toolchains/llvm/prebuilt/darwin-x86_64/sysroot/usr/lib/x86_64-linux-android/24;/Users/abraralishah/Library/Android/sdk/ndk/29.0.14206865/toolchains/llvm/prebuilt/darwin-x86_64/sysroot/usr/lib/x86_64-linux-android;/Users/abraralishah/Library/Android/sdk/ndk/29.0.14206865/toolchains/llvm/prebuilt/darwin-x86_64/sysroot/usr/lib]
  implicit fwks: []


Detecting CXX compiler ABI info compiled with the following output:
Change Dir: /Users/abraralishah/Downloads/ncnn-android/app/.cxx/Debug/1r5f5p3z/x86_64/CMakeFiles/CMakeTmp

Run Build Command(s):/Users/abraralishah/Library/Android/sdk/cmake/3.22.1/bin/ninja cmTC_432a9 && [1/2] Building CXX object CMakeFiles/cmTC_432a9.dir/CMakeCXXCompilerABI.cpp.o
Android (13989888, +pgo, -bolt, +lto, -mlgo, based on r563880c) clang version 21.0.0 (https://android.googlesource.com/toolchain/llvm-project 5e96669f06077099aa41290cdb4c5e6fa0f59349)
Target: x86_64-none-linux-android24
Thread model: posix
InstalledDir: /Users/abraralishah/Library/Android/sdk/ndk/29.0.14206865/toolchains/llvm/prebuilt/darwin-x86_64/bin
 (in-process)
 "/Users/abraralishah/Library/Android/sdk/ndk/29.0.14206865/toolchains/llvm/prebuilt/darwin-x86_64/bin/clang++" -cc1 -triple x86_64-none-linux-android24 -emit-obj -disable-free -clear-ast-before-backend -disable-llvm-verifier -discard-value-names -main-file-name CMakeCXXCompilerABI.cpp -mrelocation-model pic -pic-level 2 -pic-is-pie -mframe-pointer=non-leaf -ffp-contract=on -fno-rounding-math -mconstructor-aliases -funwind-tables=2 -target-cpu x86-64 -target-feature +sse4.2 -target-feature +popcnt -target-feature +cx16 -tune-cpu generic -debug-info-kind=constructor -dwarf-version=4 -debugger-tuning=gdb -fdebug-compilation-dir=/Users/abraralishah/Downloads/ncnn-android/app/.cxx/Debug/1r5f5p3z/x86_64/CMakeFiles/CMakeTmp -v -ffunction-sections -fdata-sections -fcoverage-compilation-dir=/Users/abraralishah/Downloads/ncnn-android/app/.cxx/Debug/1r5f5p3z/x86_64/CMakeFiles/CMakeTmp -resource-dir /Users/abraralishah/Library/Android/sdk/ndk/29.0.14206865/toolchains/llvm/prebuilt/darwin-x86_64/lib/clang/21 -dependency-file CMakeFiles/cmTC_432a9.dir/CMakeCXXCompilerABI.cpp.o.d -MT CMakeFiles/cmTC_432a9.dir/CMakeCXXCompilerABI.cpp.o -sys-header-deps -D ANDROID -D _FORTIFY_SOURCE=2 -isysroot /Users/abraralishah/Library/Android/sdk/ndk/29.0.14206865/toolchains/llvm/prebuilt/darwin-x86_64/sysroot -internal-isystem /Users/abraralishah/Library/Android/sdk/ndk/29.0.14206865/toolchains/llvm/prebuilt/darwin-x86_64/sysroot/usr/include/c++/v1 -internal-isystem /Users/abraralishah/Library/Android/sdk/ndk/29.0.14206865/toolchains/llvm/prebuilt/darwin-x86_64/lib/clang/21/include -internal-isystem /Users/abraralishah/Library/Android/sdk/ndk/29.0.14206865/toolchains/llvm/prebuilt/darwin-x86_64/sysroot/usr/local/include -internal-externc-isystem /Users/abraralishah/Library/Android/sdk/ndk/29.0.14206865/toolchains/llvm/prebuilt/darwin-x86_64/sysroot/usr/include/x86_64-linux-android -internal-externc-isystem /Users/abraralishah/Library/Android/sdk/ndk/29.0.14206865/toolchains/llvm/prebuilt/darwin-x86_64/sysroot/include -internal-externc-isystem /Users/abraralishah/Library/Android/sdk/ndk/29.0.14206865/toolchains/llvm/prebuilt/darwin-x86_64/sysroot/usr/include -Wformat -fdeprecated-macro -ferror-limit 19 -femulated-tls -stack-protector 2 -fgnuc-version=4.2.1 -fskip-odr-check-in-gmf -fcxx-exceptions -fexceptions -D__GCC_HAVE_DWARF2_CFI_ASM=1 -o CMakeFiles/cmTC_432a9.dir/CMakeCXXCompilerABI.cpp.o -x c++ /Users/abraralishah/Library/Android/sdk/cmake/3.22.1/share/cmake-3.22/Modules/CMakeCXXCompilerABI.cpp
clang -cc1 version 21.0.0 based upon LLVM 21.0.0 default target arm64-apple-darwin25.2.0
ignoring nonexistent directory "/Users/abraralishah/Library/Android/sdk/ndk/29.0.14206865/toolchains/llvm/prebuilt/darwin-x86_64/sysroot/usr/local/include"
ignoring nonexistent directory "/Users/abraralishah/Library/Android/sdk/ndk/29.0.14206865/toolchains/llvm/prebuilt/darwin-x86_64/sysroot/include"
#include "..." search starts here:
#include <...> search starts here:
 /Users/abraralishah/Library/Android/sdk/ndk/29.0.14206865/toolchains/llvm/prebuilt/darwin-x86_64/sysroot/usr/include/c++/v1
 /Users/abraralishah/Library/Android/sdk/ndk/29.0.14206865/toolchains/llvm/prebuilt/darwin-x86_64/lib/clang/21/include
 /Users/abraralishah/Library/Android/sdk/ndk/29.0.14206865/toolchains/llvm/prebuilt/darwin-x86_64/sysroot/usr/include/x86_64-linux-android
 /Users/abraralishah/Library/Android/sdk/ndk/29.0.14206865/toolchains/llvm/prebuilt/darwin-x86_64/sysroot/usr/include
End of search list.
[2/2] Linking CXX executable cmTC_432a9
Android (13989888, +pgo, -bolt, +lto, -mlgo, based on r563880c) clang version 21.0.0 (https://android.googlesource.com/toolchain/llvm-project 5e96669f06077099aa41290cdb4c5e6fa0f59349)
Target: x86_64-none-linux-android24
Thread model: posix
InstalledDir: /Users/abraralishah/Library/Android/sdk/ndk/29.0.14206865/toolchains/llvm/prebuilt/darwin-x86_64/bin
 "/Users/abraralishah/Library/Android/sdk/ndk/29.0.14206865/toolchains/llvm/prebuilt/darwin-x86_64/bin/ld.lld" --sysroot=/Users/abraralishah/Library/Android/sdk/ndk/29.0.14206865/toolchains/llvm/prebuilt/darwin-x86_64/sysroot -z now -z relro -z max-page-size=16384 --no-rosegment --hash-style=gnu --eh-frame-hdr -m elf_x86_64 -pie -dynamic-linker /system/bin/linker64 -o cmTC_432a9 /Users/abraralishah/Library/Android/sdk/ndk/29.0.14206865/toolchains/llvm/prebuilt/darwin-x86_64/sysroot/usr/lib/x86_64-linux-android/24/crtbegin_dynamic.o -L/Users/abraralishah/Library/Android/sdk/ndk/29.0.14206865/toolchains/llvm/prebuilt/darwin-x86_64/lib/clang/21/lib/linux/x86_64 -L/Users/abraralishah/Library/Android/sdk/ndk/29.0.14206865/toolchains/llvm/prebuilt/darwin-x86_64/sysroot/usr/lib/x86_64-linux-android/24 -L/Users/abraralishah/Library/Android/sdk/ndk/29.0.14206865/toolchains/llvm/prebuilt/darwin-x86_64/sysroot/usr/lib/x86_64-linux-android -L/Users/abraralishah/Library/Android/sdk/ndk/29.0.14206865/toolchains/llvm/prebuilt/darwin-x86_64/sysroot/usr/lib --build-id=sha1 --no-rosegment --no-undefined-version --fatal-warnings --no-undefined CMakeFiles/cmTC_432a9.dir/CMakeCXXCompilerABI.cpp.o -Bstatic -lc++ -Bdynamic -lm /Users/abraralishah/Library/Android/sdk/ndk/29.0.14206865/toolchains/llvm/prebuilt/darwin-x86_64/lib/clang/21/lib/linux/libclang_rt.builtins-x86_64-android.a -l:libunwind.a -ldl -lc /Users/abraralishah/Library/Android/sdk/ndk/29.0.14206865/toolchains/llvm/prebuilt/darwin-x86_64/lib/clang/21/lib/linux/libclang_rt.builtins-x86_64-android.a -l:libunwind.a -ldl /Users/abraralishah/Library/Android/sdk/ndk/29.0.14206865/toolchains/llvm/prebuilt/darwin-x86_64/sysroot/usr/lib/x86_64-linux-android/24/crtend_android.o



Parsed CXX implicit include dir info from above output: rv=done
  found start of include info
  found start of implicit include info
    add: [/Users/abraralishah/Library/Android/sdk/ndk/29.0.14206865/toolchains/llvm/prebuilt/darwin-x86_64/sysroot/usr/include/c++/v1]
    add: [/Users/abraralishah/Library/Android/sdk/ndk/29.0.14206865/toolchains/llvm/prebuilt/darwin-x86_64/lib/clang/21/include]
    add: [/Users/abraralishah/Library/Android/sdk/ndk/29.0.14206865/toolchains/llvm/prebuilt/darwin-x86_64/sysroot/usr/include/x86_64-linux-android]
    add: [/Users/abraralishah/Library/Android/sdk/ndk/29.0.14206865/toolchains/llvm/prebuilt/darwin-x86_64/sysroot/usr/include]
  end of search list found
  collapse include dir [/Users/abraralishah/Library/Android/sdk/ndk/29.0.14206865/toolchains/llvm/prebuilt/darwin-x86_64/sysroot/usr/include/c++/v1] ==> [/Users/abraralishah/Library/Android/sdk/ndk/29.0.14206865/toolchains/llvm/prebuilt/darwin-x86_64/sysroot/usr/include/c++/v1]
  collapse include dir [/Users/abraralishah/Library/Android/sdk/ndk/29.0.14206865/toolchains/llvm/prebuilt/darwin-x86_64/lib/clang/21/include] ==> [/Users/abraralishah/Library/Android/sdk/ndk/29.0.14206865/toolchains/llvm/prebuilt/darwin-x86_64/lib/clang/21/include]
  collapse include dir [/Users/abraralishah/Library/Android/sdk/ndk/29.0.14206865/toolchains/llvm/prebuilt/darwin-x86_64/sysroot/usr/include/x86_64-linux-android] ==> [/Users/abraralishah/Library/Android/sdk/ndk/29.0.14206865/toolchains/llvm/prebuilt/darwin-x86_64/sysroot/usr/include/x86_64-linux-android]
  collapse include dir [/Users/abraralishah/Library/Android/sdk/ndk/29.0.14206865/toolchains/llvm/prebuilt/darwin-x86_64/sysroot/usr/include] ==> [/Users/abraralishah/Library/Android/sdk/ndk/29.0.14206865/toolchains/llvm/prebuilt/darwin-x86_64/sysroot/usr/include]
  implicit include dirs: [/Users/abraralishah/Library/Android/sdk/ndk/29.0.14206865/toolchains/llvm/prebuilt/darwin-x86_64/sysroot/usr/include/c++/v1;/Users/abraralishah/Library/Android/sdk/ndk/29.0.14206865/toolchains/llvm/prebuilt/darwin-x86_64/lib/clang/21/include;/Users/abraralishah/Library/Android/sdk/ndk/29.0.14206865/toolchains/llvm/prebuilt/darwin-x86_64/sysroot/usr/include/x86_64-linux-android;/Users/abraralishah/Library/Android/sdk/ndk/29.0.14206865/toolchains/llvm/prebuilt/darwin-x86_64/sysroot/usr/include]


Parsed CXX implicit link information from above output:
  link line regex: [^( *|.*[/\])(ld\.lld|CMAKE_LINK_STARTFILE-NOTFOUND|([^/\]+-)?ld|collect2)[^/\]*( |$)]
  ignore line: [Change Dir: /Users/abraralishah/Downloads/ncnn-android/app/.cxx/Debug/1r5f5p3z/x86_64/CMakeFiles/CMakeTmp]
  ignore line: []
  ignore line: [Run Build Command(s):/Users/abraralishah/Library/Android/sdk/cmake/3.22.1/bin/ninja cmTC_432a9 && [1/2] Building CXX object CMakeFiles/cmTC_432a9.dir/CMakeCXXCompilerABI.cpp.o]
  ignore line: [Android (13989888  +pgo  -bolt  +lto  -mlgo  based on r563880c) clang version 21.0.0 (https://android.googlesource.com/toolchain/llvm-project 5e96669f06077099aa41290cdb4c5e6fa0f59349)]
  ignore line: [Target: x86_64-none-linux-android24]
  ignore line: [Thread model: posix]
  ignore line: [InstalledDir: /Users/abraralishah/Library/Android/sdk/ndk/29.0.14206865/toolchains/llvm/prebuilt/darwin-x86_64/bin]
  ignore line: [ (in-process)]
  ignore line: [ "/Users/abraralishah/Library/Android/sdk/ndk/29.0.14206865/toolchains/llvm/prebuilt/darwin-x86_64/bin/clang++" -cc1 -triple x86_64-none-linux-android24 -emit-obj -disable-free -clear-ast-before-backend -disable-llvm-verifier -discard-value-names -main-file-name CMakeCXXCompilerABI.cpp -mrelocation-model pic -pic-level 2 -pic-is-pie -mframe-pointer=non-leaf -ffp-contract=on -fno-rounding-math -mconstructor-aliases -funwind-tables=2 -target-cpu x86-64 -target-feature +sse4.2 -target-feature +popcnt -target-feature +cx16 -tune-cpu generic -debug-info-kind=constructor -dwarf-version=4 -debugger-tuning=gdb -fdebug-compilation-dir=/Users/abraralishah/Downloads/ncnn-android/app/.cxx/Debug/1r5f5p3z/x86_64/CMakeFiles/CMakeTmp -v -ffunction-sections -fdata-sections -fcoverage-compilation-dir=/Users/abraralishah/Downloads/ncnn-android/app/.cxx/Debug/1r5f5p3z/x86_64/CMakeFiles/CMakeTmp -resource-dir /Users/abraralishah/Library/Android/sdk/ndk/29.0.14206865/toolchains/llvm/prebuilt/darwin-x86_64/lib/clang/21 -dependency-file CMakeFiles/cmTC_432a9.dir/CMakeCXXCompilerABI.cpp.o.d -MT CMakeFiles/cmTC_432a9.dir/CMakeCXXCompilerABI.cpp.o -sys-header-deps -D ANDROID -D _FORTIFY_SOURCE=2 -isysroot /Users/abraralishah/Library/Android/sdk/ndk/29.0.14206865/toolchains/llvm/prebuilt/darwin-x86_64/sysroot -internal-isystem /Users/abraralishah/Library/Android/sdk/ndk/29.0.14206865/toolchains/llvm/prebuilt/darwin-x86_64/sysroot/usr/include/c++/v1 -internal-isystem /Users/abraralishah/Library/Android/sdk/ndk/29.0.14206865/toolchains/llvm/prebuilt/darwin-x86_64/lib/clang/21/include -internal-isystem /Users/abraralishah/Library/Android/sdk/ndk/29.0.14206865/toolchains/llvm/prebuilt/darwin-x86_64/sysroot/usr/local/include -internal-externc-isystem /Users/abraralishah/Library/Android/sdk/ndk/29.0.14206865/toolchains/llvm/prebuilt/darwin-x86_64/sysroot/usr/include/x86_64-linux-android -internal-externc-isystem /Users/abraralishah/Library/Android/sdk/ndk/29.0.14206865/toolchains/llvm/prebuilt/darwin-x86_64/sysroot/include -internal-externc-isystem /Users/abraralishah/Library/Android/sdk/ndk/29.0.14206865/toolchains/llvm/prebuilt/darwin-x86_64/sysroot/usr/include -Wformat -fdeprecated-macro -ferror-limit 19 -femulated-tls -stack-protector 2 -fgnuc-version=4.2.1 -fskip-odr-check-in-gmf -fcxx-exceptions -fexceptions -D__GCC_HAVE_DWARF2_CFI_ASM=1 -o CMakeFiles/cmTC_432a9.dir/CMakeCXXCompilerABI.cpp.o -x c++ /Users/abraralishah/Library/Android/sdk/cmake/3.22.1/share/cmake-3.22/Modules/CMakeCXXCompilerABI.cpp]
  ignore line: [clang -cc1 version 21.0.0 based upon LLVM 21.0.0 default target arm64-apple-darwin25.2.0]
  ignore line: [ignoring nonexistent directory "/Users/abraralishah/Library/Android/sdk/ndk/29.0.14206865/toolchains/llvm/prebuilt/darwin-x86_64/sysroot/usr/local/include"]
  ignore line: [ignoring nonexistent directory "/Users/abraralishah/Library/Android/sdk/ndk/29.0.14206865/toolchains/llvm/prebuilt/darwin-x86_64/sysroot/include"]
  ignore line: [#include "..." search starts here:]
  ignore line: [#include <...> search starts here:]
  ignore line: [ /Users/abraralishah/Library/Android/sdk/ndk/29.0.14206865/toolchains/llvm/prebuilt/darwin-x86_64/sysroot/usr/include/c++/v1]
  ignore line: [ /Users/abraralishah/Library/Android/sdk/ndk/29.0.14206865/toolchains/llvm/prebuilt/darwin-x86_64/lib/clang/21/include]
  ignore line: [ /Users/abraralishah/Library/Android/sdk/ndk/29.0.14206865/toolchains/llvm/prebuilt/darwin-x86_64/sysroot/usr/include/x86_64-linux-android]
  ignore line: [ /Users/abraralishah/Library/Android/sdk/ndk/29.0.14206865/toolchains/llvm/prebuilt/darwin-x86_64/sysroot/usr/include]
  ignore line: [End of search list.]
  ignore line: [[2/2] Linking CXX executable cmTC_432a9]
  ignore line: [Android (13989888  +pgo  -bolt  +lto  -mlgo  based on r563880c) clang version 21.0.0 (https://android.googlesource.com/toolchain/llvm-project 5e96669f06077099aa41290cdb4c5e6fa0f59349)]
  ignore line: [Target: x86_64-none-linux-android24]
  ignore line: [Thread model: posix]
  ignore line: [InstalledDir: /Users/abraralishah/Library/Android/sdk/ndk/29.0.14206865/toolchains/llvm/prebuilt/darwin-x86_64/bin]
  link line: [ "/Users/abraralishah/Library/Android/sdk/ndk/29.0.14206865/toolchains/llvm/prebuilt/darwin-x86_64/bin/ld.lld" --sysroot=/Users/abraralishah/Library/Android/sdk/ndk/29.0.14206865/toolchains/llvm/prebuilt/darwin-x86_64/sysroot -z now -z relro -z max-page-size=16384 --no-rosegment --hash-style=gnu --eh-frame-hdr -m elf_x86_64 -pie -dynamic-linker /system/bin/linker64 -o cmTC_432a9 /Users/abraralishah/Library/Android/sdk/ndk/29.0.14206865/toolchains/llvm/prebuilt/darwin-x86_64/sysroot/usr/lib/x86_64-linux-android/24/crtbegin_dynamic.o -L/Users/abraralishah/Library/Android/sdk/ndk/29.0.14206865/toolchains/llvm/prebuilt/darwin-x86_64/lib/clang/21/lib/linux/x86_64 -L/Users/abraralishah/Library/Android/sdk/ndk/29.0.14206865/toolchains/llvm/prebuilt/darwin-x86_64/sysroot/usr/lib/x86_64-linux-android/24 -L/Users/abraralishah/Library/Android/sdk/ndk/29.0.14206865/toolchains/llvm/prebuilt/darwin-x86_64/sysroot/usr/lib/x86_64-linux-android -L/Users/abraralishah/Library/Android/sdk/ndk/29.0.14206865/toolchains/llvm/prebuilt/darwin-x86_64/sysroot/usr/lib --build-id=sha1 --no-rosegment --no-undefined-version --fatal-warnings --no-undefined CMakeFiles/cmTC_432a9.dir/CMakeCXXCompilerABI.cpp.o -Bstatic -lc++ -Bdynamic -lm /Users/abraralishah/Library/Android/sdk/ndk/29.0.14206865/toolchains/llvm/prebuilt/darwin-x86_64/lib/clang/21/lib/linux/libclang_rt.builtins-x86_64-android.a -l:libunwind.a -ldl -lc /Users/abraralishah/Library/Android/sdk/ndk/29.0.14206865/toolchains/llvm/prebuilt/darwin-x86_64/lib/clang/21/lib/linux/libclang_rt.builtins-x86_64-android.a -l:libunwind.a -ldl /Users/abraralishah/Library/Android/sdk/ndk/29.0.14206865/toolchains/llvm/prebuilt/darwin-x86_64/sysroot/usr/lib/x86_64-linux-android/24/crtend_android.o]
    arg [/Users/abraralishah/Library/Android/sdk/ndk/29.0.14206865/toolchains/llvm/prebuilt/darwin-x86_64/bin/ld.lld] ==> ignore
    arg [--sysroot=/Users/abraralishah/Library/Android/sdk/ndk/29.0.14206865/toolchains/llvm/prebuilt/darwin-x86_64/sysroot] ==> ignore
    arg [-znow] ==> ignore
    arg [-zrelro] ==> ignore
    arg [-zmax-page-size=16384] ==> ignore
    arg [--no-rosegment] ==> ignore
    arg [--hash-style=gnu] ==> ignore
    arg [--eh-frame-hdr] ==> ignore
    arg [-m] ==> ignore
    arg [elf_x86_64] ==> ignore
    arg [-pie] ==> ignore
    arg [-dynamic-linker] ==> ignore
    arg [/system/bin/linker64] ==> ignore
    arg [-o] ==> ignore
    arg [cmTC_432a9] ==> ignore
    arg [/Users/abraralishah/Library/Android/sdk/ndk/29.0.14206865/toolchains/llvm/prebuilt/darwin-x86_64/sysroot/usr/lib/x86_64-linux-android/24/crtbegin_dynamic.o] ==> obj [/Users/abraralishah/Library/Android/sdk/ndk/29.0.14206865/toolchains/llvm/prebuilt/darwin-x86_64/sysroot/usr/lib/x86_64-linux-android/24/crtbegin_dynamic.o]
    arg [-L/Users/abraralishah/Library/Android/sdk/ndk/29.0.14206865/toolchains/llvm/prebuilt/darwin-x86_64/lib/clang/21/lib/linux/x86_64] ==> dir [/Users/abraralishah/Library/Android/sdk/ndk/29.0.14206865/toolchains/llvm/prebuilt/darwin-x86_64/lib/clang/21/lib/linux/x86_64]
    arg [-L/Users/abraralishah/Library/Android/sdk/ndk/29.0.14206865/toolchains/llvm/prebuilt/darwin-x86_64/sysroot/usr/lib/x86_64-linux-android/24] ==> dir [/Users/abraralishah/Library/Android/sdk/ndk/29.0.14206865/toolchains/llvm/prebuilt/darwin-x86_64/sysroot/usr/lib/x86_64-linux-android/24]
    arg [-L/Users/abraralishah/Library/Android/sdk/ndk/29.0.14206865/toolchains/llvm/prebuilt/darwin-x86_64/sysroot/usr/lib/x86_64-linux-android] ==> dir [/Users/abraralishah/Library/Android/sdk/ndk/29.0.14206865/toolchains/llvm/prebuilt/darwin-x86_64/sysroot/usr/lib/x86_64-linux-android]
    arg [-L/Users/abraralishah/Library/Android/sdk/ndk/29.0.14206865/toolchains/llvm/prebuilt/darwin-x86_64/sysroot/usr/lib] ==> dir [/Users/abraralishah/Library/Android/sdk/ndk/29.0.14206865/toolchains/llvm/prebuilt/darwin-x86_64/sysroot/usr/lib]
    arg [--build-id=sha1] ==> ignore
    arg [--no-rosegment] ==> ignore
    arg [--no-undefined-version] ==> ignore
    arg [--fatal-warnings] ==> ignore
    arg [--no-undefined] ==> ignore
    arg [CMakeFiles/cmTC_432a9.dir/CMakeCXXCompilerABI.cpp.o] ==> ignore
    arg [-Bstatic] ==> search static
    arg [-lc++] ==> lib [c++]
    arg [-Bdynamic] ==> search dynamic
    arg [-lm] ==> lib [m]
    arg [/Users/abraralishah/Library/Android/sdk/ndk/29.0.14206865/toolchains/llvm/prebuilt/darwin-x86_64/lib/clang/21/lib/linux/libclang_rt.builtins-x86_64-android.a] ==> lib [/Users/abraralishah/Library/Android/sdk/ndk/29.0.14206865/toolchains/llvm/prebuilt/darwin-x86_64/lib/clang/21/lib/linux/libclang_rt.builtins-x86_64-android.a]
    arg [-l:libunwind.a] ==> lib [-l:libunwind.a]
    arg [-ldl] ==> lib [dl]
    arg [-lc] ==> lib [c]
    arg [/Users/abraralishah/Library/Android/sdk/ndk/29.0.14206865/toolchains/llvm/prebuilt/darwin-x86_64/lib/clang/21/lib/linux/libclang_rt.builtins-x86_64-android.a] ==> lib [/Users/abraralishah/Library/Android/sdk/ndk/29.0.14206865/toolchains/llvm/prebuilt/darwin-x86_64/lib/clang/21/lib/linux/libclang_rt.builtins-x86_64-android.a]
    arg [-l:libunwind.a] ==> lib [-l:libunwind.a]
    arg [-ldl] ==> lib [dl]
    arg [/Users/abraralishah/Library/Android/sdk/ndk/29.0.14206865/toolchains/llvm/prebuilt/darwin-x86_64/sysroot/usr/lib/x86_64-linux-android/24/crtend_android.o] ==> obj [/Users/abraralishah/Library/Android/sdk/ndk/29.0.14206865/toolchains/llvm/prebuilt/darwin-x86_64/sysroot/usr/lib/x86_64-linux-android/24/crtend_android.o]
  remove lib [/Users/abraralishah/Library/Android/sdk/ndk/29.0.14206865/toolchains/llvm/prebuilt/darwin-x86_64/lib/clang/21/lib/linux/libclang_rt.builtins-x86_64-android.a]
  remove lib [/Users/abraralishah/Library/Android/sdk/ndk/29.0.14206865/toolchains/llvm/prebuilt/darwin-x86_64/lib/clang/21/lib/linux/libclang_rt.builtins-x86_64-android.a]
  collapse library dir [/Users/abraralishah/Library/Android/sdk/ndk/29.0.14206865/toolchains/llvm/prebuilt/darwin-x86_64/lib/clang/21/lib/linux/x86_64] ==> [/Users/abraralishah/Library/Android/sdk/ndk/29.0.14206865/toolchains/llvm/prebuilt/darwin-x86_64/lib/clang/21/lib/linux/x86_64]
  collapse library dir [/Users/abraralishah/Library/Android/sdk/ndk/29.0.14206865/toolchains/llvm/prebuilt/darwin-x86_64/sysroot/usr/lib/x86_64-linux-android/24] ==> [/Users/abraralishah/Library/Android/sdk/ndk/29.0.14206865/toolchains/llvm/prebuilt/darwin-x86_64/sysroot/usr/lib/x86_64-linux-android/24]
  collapse library dir [/Users/abraralishah/Library/Android/sdk/ndk/29.0.14206865/toolchains/llvm/prebuilt/darwin-x86_64/sysroot/usr/lib/x86_64-linux-android] ==> [/Users/abraralishah/Library/Android/sdk/ndk/29.0.14206865/toolchains/llvm/prebuilt/darwin-x86_64/sysroot/usr/lib/x86_64-linux-android]
  collapse library dir [/Users/abraralishah/Library/Android/sdk/ndk/29.0.14206865/toolchains/llvm/prebuilt/darwin-x86_64/sysroot/usr/lib] ==> [/Users/abraralishah/Library/Android/sdk/ndk/29.0.14206865/toolchains/llvm/prebuilt/darwin-x86_64/sysroot/usr/lib]
  implicit libs: [c++;m;-l:libunwind.a;dl;c;-l:libunwind.a;dl]
  implicit objs: [/Users/abraralishah/Library/Android/sdk/ndk/29.0.14206865/toolchains/llvm/prebuilt/darwin-x86_64/sysroot/usr/lib/x86_64-linux-android/24/crtbegin_dynamic.o;/Users/abraralishah/Library/Android/sdk/ndk/29.0.14206865/toolchains/llvm/prebuilt/darwin-x86_64/sysroot/usr/lib/x86_64-linux-android/24/crtend_android.o]
  implicit dirs: [/Users/abraralishah/Library/Android/sdk/ndk/29.0.14206865/toolchains/llvm/prebuilt/darwin-x86_64/lib/clang/21/lib/linux/x86_64;/Users/abraralishah/Library/Android/sdk/ndk/29.0.14206865/toolchains/llvm/prebuilt/darwin-x86_64/sysroot/usr/lib/x86_64-linux-android/24;/Users/abraralishah/Library/Android/sdk/ndk/29.0.14206865/toolchains/llvm/prebuilt/darwin-x86_64/sysroot/usr/lib/x86_64-linux-android;/Users/abraralishah/Library/Android/sdk/ndk/29.0.14206865/toolchains/llvm/prebuilt/darwin-x86_64/sysroot/usr/lib]
  implicit fwks: []


Detecting C OpenMP compiler ABI info compiled with the following output:
Change Dir: /Users/abraralishah/Downloads/ncnn-android/app/.cxx/Debug/1r5f5p3z/x86_64/CMakeFiles/CMakeTmp

Run Build Command(s):/Users/abraralishah/Library/Android/sdk/cmake/3.22.1/bin/ninja cmTC_6993b && [1/2] Building C object CMakeFiles/cmTC_6993b.dir/OpenMPTryFlag.c.o
Android (13989888, +pgo, -bolt, +lto, -mlgo, based on r563880c) clang version 21.0.0 (https://android.googlesource.com/toolchain/llvm-project 5e96669f06077099aa41290cdb4c5e6fa0f59349)
Target: x86_64-none-linux-android24
Thread model: posix
InstalledDir: /Users/abraralishah/Library/Android/sdk/ndk/29.0.14206865/toolchains/llvm/prebuilt/darwin-x86_64/bin
 (in-process)
 "/Users/abraralishah/Library/Android/sdk/ndk/29.0.14206865/toolchains/llvm/prebuilt/darwin-x86_64/bin/clang" -cc1 -triple x86_64-none-linux-android24 -emit-obj -disable-free -clear-ast-before-backend -disable-llvm-verifier -discard-value-names -main-file-name OpenMPTryFlag.c -mrelocation-model pic -pic-level 2 -pic-is-pie -mframe-pointer=non-leaf -ffp-contract=on -fno-rounding-math -mconstructor-aliases -funwind-tables=2 -target-cpu x86-64 -target-feature +sse4.2 -target-feature +popcnt -target-feature +cx16 -tune-cpu generic -debug-info-kind=constructor -dwarf-version=4 -debugger-tuning=gdb -fdebug-compilation-dir=/Users/abraralishah/Downloads/ncnn-android/app/.cxx/Debug/1r5f5p3z/x86_64/CMakeFiles/CMakeTmp -v -ffunction-sections -fdata-sections -fcoverage-compilation-dir=/Users/abraralishah/Downloads/ncnn-android/app/.cxx/Debug/1r5f5p3z/x86_64/CMakeFiles/CMakeTmp -resource-dir /Users/abraralishah/Library/Android/sdk/ndk/29.0.14206865/toolchains/llvm/prebuilt/darwin-x86_64/lib/clang/21 -dependency-file CMakeFiles/cmTC_6993b.dir/OpenMPTryFlag.c.o.d -MT CMakeFiles/cmTC_6993b.dir/OpenMPTryFlag.c.o -sys-header-deps -D ANDROID -D _FORTIFY_SOURCE=2 -isysroot /Users/abraralishah/Library/Android/sdk/ndk/29.0.14206865/toolchains/llvm/prebuilt/darwin-x86_64/sysroot -internal-isystem /Users/abraralishah/Library/Android/sdk/ndk/29.0.14206865/toolchains/llvm/prebuilt/darwin-x86_64/lib/clang/21/include -internal-isystem /Users/abraralishah/Library/Android/sdk/ndk/29.0.14206865/toolchains/llvm/prebuilt/darwin-x86_64/sysroot/usr/local/include -internal-externc-isystem /Users/abraralishah/Library/Android/sdk/ndk/29.0.14206865/toolchains/llvm/prebuilt/darwin-x86_64/sysroot/usr/include/x86_64-linux-android -internal-externc-isystem /Users/abraralishah/Library/Android/sdk/ndk/29.0.14206865/toolchains/llvm/prebuilt/darwin-x86_64/sysroot/include -internal-externc-isystem /Users/abraralishah/Library/Android/sdk/ndk/29.0.14206865/toolchains/llvm/prebuilt/darwin-x86_64/sysroot/usr/include -Wformat -Werror=format-security -ferror-limit 19 -femulated-tls -fopenmp -stack-protector 2 -fgnuc-version=4.2.1 -fskip-odr-check-in-gmf -D__GCC_HAVE_DWARF2_CFI_ASM=1 -o CMakeFiles/cmTC_6993b.dir/OpenMPTryFlag.c.o -x c /Users/abraralishah/Downloads/ncnn-android/app/.cxx/Debug/1r5f5p3z/x86_64/CMakeFiles/FindOpenMP/OpenMPTryFlag.c
clang -cc1 version 21.0.0 based upon LLVM 21.0.0 default target arm64-apple-darwin25.2.0
ignoring nonexistent directory "/Users/abraralishah/Library/Android/sdk/ndk/29.0.14206865/toolchains/llvm/prebuilt/darwin-x86_64/sysroot/usr/local/include"
ignoring nonexistent directory "/Users/abraralishah/Library/Android/sdk/ndk/29.0.14206865/toolchains/llvm/prebuilt/darwin-x86_64/sysroot/include"
#include "..." search starts here:
#include <...> search starts here:
 /Users/abraralishah/Library/Android/sdk/ndk/29.0.14206865/toolchains/llvm/prebuilt/darwin-x86_64/lib/clang/21/include
 /Users/abraralishah/Library/Android/sdk/ndk/29.0.14206865/toolchains/llvm/prebuilt/darwin-x86_64/sysroot/usr/include/x86_64-linux-android
 /Users/abraralishah/Library/Android/sdk/ndk/29.0.14206865/toolchains/llvm/prebuilt/darwin-x86_64/sysroot/usr/include
End of search list.
[2/2] Linking C executable cmTC_6993b
Android (13989888, +pgo, -bolt, +lto, -mlgo, based on r563880c) clang version 21.0.0 (https://android.googlesource.com/toolchain/llvm-project 5e96669f06077099aa41290cdb4c5e6fa0f59349)
Target: x86_64-none-linux-android24
Thread model: posix
InstalledDir: /Users/abraralishah/Library/Android/sdk/ndk/29.0.14206865/toolchains/llvm/prebuilt/darwin-x86_64/bin
 "/Users/abraralishah/Library/Android/sdk/ndk/29.0.14206865/toolchains/llvm/prebuilt/darwin-x86_64/bin/ld.lld" --sysroot=/Users/abraralishah/Library/Android/sdk/ndk/29.0.14206865/toolchains/llvm/prebuilt/darwin-x86_64/sysroot -z now -z relro -z max-page-size=16384 --no-rosegment --hash-style=gnu --eh-frame-hdr -m elf_x86_64 -pie -dynamic-linker /system/bin/linker64 -o cmTC_6993b /Users/abraralishah/Library/Android/sdk/ndk/29.0.14206865/toolchains/llvm/prebuilt/darwin-x86_64/sysroot/usr/lib/x86_64-linux-android/24/crtbegin_dynamic.o -L/Users/abraralishah/Library/Android/sdk/ndk/29.0.14206865/toolchains/llvm/prebuilt/darwin-x86_64/lib/clang/21/lib/linux/x86_64 -L/Users/abraralishah/Library/Android/sdk/ndk/29.0.14206865/toolchains/llvm/prebuilt/darwin-x86_64/sysroot/usr/lib/x86_64-linux-android/24 -L/Users/abraralishah/Library/Android/sdk/ndk/29.0.14206865/toolchains/llvm/prebuilt/darwin-x86_64/sysroot/usr/lib/x86_64-linux-android -L/Users/abraralishah/Library/Android/sdk/ndk/29.0.14206865/toolchains/llvm/prebuilt/darwin-x86_64/sysroot/usr/lib --build-id=sha1 --no-rosegment --no-undefined-version --fatal-warnings --no-undefined CMakeFiles/cmTC_6993b.dir/OpenMPTryFlag.c.o -latomic -lm -lomp -L/Users/abraralishah/Library/Android/sdk/ndk/29.0.14206865/toolchains/llvm/prebuilt/darwin-x86_64/lib /Users/abraralishah/Library/Android/sdk/ndk/29.0.14206865/toolchains/llvm/prebuilt/darwin-x86_64/lib/clang/21/lib/linux/libclang_rt.builtins-x86_64-android.a -l:libunwind.a -ldl -lc /Users/abraralishah/Library/Android/sdk/ndk/29.0.14206865/toolchains/llvm/prebuilt/darwin-x86_64/lib/clang/21/lib/linux/libclang_rt.builtins-x86_64-android.a -l:libunwind.a -ldl /Users/abraralishah/Library/Android/sdk/ndk/29.0.14206865/toolchains/llvm/prebuilt/darwin-x86_64/sysroot/usr/lib/x86_64-linux-android/24/crtend_android.o



Parsed C OpenMP implicit link information from above output:
  link line regex: [^( *|.*[/\])(ld\.lld|CMAKE_LINK_STARTFILE-NOTFOUND|([^/\]+-)?ld|collect2)[^/\]*( |$)]
  ignore line: [Change Dir: /Users/abraralishah/Downloads/ncnn-android/app/.cxx/Debug/1r5f5p3z/x86_64/CMakeFiles/CMakeTmp]
  ignore line: []
  ignore line: [Run Build Command(s):/Users/abraralishah/Library/Android/sdk/cmake/3.22.1/bin/ninja cmTC_6993b && [1/2] Building C object CMakeFiles/cmTC_6993b.dir/OpenMPTryFlag.c.o]
  ignore line: [Android (13989888  +pgo  -bolt  +lto  -mlgo  based on r563880c) clang version 21.0.0 (https://android.googlesource.com/toolchain/llvm-project 5e96669f06077099aa41290cdb4c5e6fa0f59349)]
  ignore line: [Target: x86_64-none-linux-android24]
  ignore line: [Thread model: posix]
  ignore line: [InstalledDir: /Users/abraralishah/Library/Android/sdk/ndk/29.0.14206865/toolchains/llvm/prebuilt/darwin-x86_64/bin]
  ignore line: [ (in-process)]
  ignore line: [ "/Users/abraralishah/Library/Android/sdk/ndk/29.0.14206865/toolchains/llvm/prebuilt/darwin-x86_64/bin/clang" -cc1 -triple x86_64-none-linux-android24 -emit-obj -disable-free -clear-ast-before-backend -disable-llvm-verifier -discard-value-names -main-file-name OpenMPTryFlag.c -mrelocation-model pic -pic-level 2 -pic-is-pie -mframe-pointer=non-leaf -ffp-contract=on -fno-rounding-math -mconstructor-aliases -funwind-tables=2 -target-cpu x86-64 -target-feature +sse4.2 -target-feature +popcnt -target-feature +cx16 -tune-cpu generic -debug-info-kind=constructor -dwarf-version=4 -debugger-tuning=gdb -fdebug-compilation-dir=/Users/abraralishah/Downloads/ncnn-android/app/.cxx/Debug/1r5f5p3z/x86_64/CMakeFiles/CMakeTmp -v -ffunction-sections -fdata-sections -fcoverage-compilation-dir=/Users/abraralishah/Downloads/ncnn-android/app/.cxx/Debug/1r5f5p3z/x86_64/CMakeFiles/CMakeTmp -resource-dir /Users/abraralishah/Library/Android/sdk/ndk/29.0.14206865/toolchains/llvm/prebuilt/darwin-x86_64/lib/clang/21 -dependency-file CMakeFiles/cmTC_6993b.dir/OpenMPTryFlag.c.o.d -MT CMakeFiles/cmTC_6993b.dir/OpenMPTryFlag.c.o -sys-header-deps -D ANDROID -D _FORTIFY_SOURCE=2 -isysroot /Users/abraralishah/Library/Android/sdk/ndk/29.0.14206865/toolchains/llvm/prebuilt/darwin-x86_64/sysroot -internal-isystem /Users/abraralishah/Library/Android/sdk/ndk/29.0.14206865/toolchains/llvm/prebuilt/darwin-x86_64/lib/clang/21/include -internal-isystem /Users/abraralishah/Library/Android/sdk/ndk/29.0.14206865/toolchains/llvm/prebuilt/darwin-x86_64/sysroot/usr/local/include -internal-externc-isystem /Users/abraralishah/Library/Android/sdk/ndk/29.0.14206865/toolchains/llvm/prebuilt/darwin-x86_64/sysroot/usr/include/x86_64-linux-android -internal-externc-isystem /Users/abraralishah/Library/Android/sdk/ndk/29.0.14206865/toolchains/llvm/prebuilt/darwin-x86_64/sysroot/include -internal-externc-isystem /Users/abraralishah/Library/Android/sdk/ndk/29.0.14206865/toolchains/llvm/prebuilt/darwin-x86_64/sysroot/usr/include -Wformat -Werror=format-security -ferror-limit 19 -femulated-tls -fopenmp -stack-protector 2 -fgnuc-version=4.2.1 -fskip-odr-check-in-gmf -D__GCC_HAVE_DWARF2_CFI_ASM=1 -o CMakeFiles/cmTC_6993b.dir/OpenMPTryFlag.c.o -x c /Users/abraralishah/Downloads/ncnn-android/app/.cxx/Debug/1r5f5p3z/x86_64/CMakeFiles/FindOpenMP/OpenMPTryFlag.c]
  ignore line: [clang -cc1 version 21.0.0 based upon LLVM 21.0.0 default target arm64-apple-darwin25.2.0]
  ignore line: [ignoring nonexistent directory "/Users/abraralishah/Library/Android/sdk/ndk/29.0.14206865/toolchains/llvm/prebuilt/darwin-x86_64/sysroot/usr/local/include"]
  ignore line: [ignoring nonexistent directory "/Users/abraralishah/Library/Android/sdk/ndk/29.0.14206865/toolchains/llvm/prebuilt/darwin-x86_64/sysroot/include"]
  ignore line: [#include "..." search starts here:]
  ignore line: [#include <...> search starts here:]
  ignore line: [ /Users/abraralishah/Library/Android/sdk/ndk/29.0.14206865/toolchains/llvm/prebuilt/darwin-x86_64/lib/clang/21/include]
  ignore line: [ /Users/abraralishah/Library/Android/sdk/ndk/29.0.14206865/toolchains/llvm/prebuilt/darwin-x86_64/sysroot/usr/include/x86_64-linux-android]
  ignore line: [ /Users/abraralishah/Library/Android/sdk/ndk/29.0.14206865/toolchains/llvm/prebuilt/darwin-x86_64/sysroot/usr/include]
  ignore line: [End of search list.]
  ignore line: [[2/2] Linking C executable cmTC_6993b]
  ignore line: [Android (13989888  +pgo  -bolt  +lto  -mlgo  based on r563880c) clang version 21.0.0 (https://android.googlesource.com/toolchain/llvm-project 5e96669f06077099aa41290cdb4c5e6fa0f59349)]
  ignore line: [Target: x86_64-none-linux-android24]
  ignore line: [Thread model: posix]
  ignore line: [InstalledDir: /Users/abraralishah/Library/Android/sdk/ndk/29.0.14206865/toolchains/llvm/prebuilt/darwin-x86_64/bin]
  link line: [ "/Users/abraralishah/Library/Android/sdk/ndk/29.0.14206865/toolchains/llvm/prebuilt/darwin-x86_64/bin/ld.lld" --sysroot=/Users/abraralishah/Library/Android/sdk/ndk/29.0.14206865/toolchains/llvm/prebuilt/darwin-x86_64/sysroot -z now -z relro -z max-page-size=16384 --no-rosegment --hash-style=gnu --eh-frame-hdr -m elf_x86_64 -pie -dynamic-linker /system/bin/linker64 -o cmTC_6993b /Users/abraralishah/Library/Android/sdk/ndk/29.0.14206865/toolchains/llvm/prebuilt/darwin-x86_64/sysroot/usr/lib/x86_64-linux-android/24/crtbegin_dynamic.o -L/Users/abraralishah/Library/Android/sdk/ndk/29.0.14206865/toolchains/llvm/prebuilt/darwin-x86_64/lib/clang/21/lib/linux/x86_64 -L/Users/abraralishah/Library/Android/sdk/ndk/29.0.14206865/toolchains/llvm/prebuilt/darwin-x86_64/sysroot/usr/lib/x86_64-linux-android/24 -L/Users/abraralishah/Library/Android/sdk/ndk/29.0.14206865/toolchains/llvm/prebuilt/darwin-x86_64/sysroot/usr/lib/x86_64-linux-android -L/Users/abraralishah/Library/Android/sdk/ndk/29.0.14206865/toolchains/llvm/prebuilt/darwin-x86_64/sysroot/usr/lib --build-id=sha1 --no-rosegment --no-undefined-version --fatal-warnings --no-undefined CMakeFiles/cmTC_6993b.dir/OpenMPTryFlag.c.o -latomic -lm -lomp -L/Users/abraralishah/Library/Android/sdk/ndk/29.0.14206865/toolchains/llvm/prebuilt/darwin-x86_64/lib /Users/abraralishah/Library/Android/sdk/ndk/29.0.14206865/toolchains/llvm/prebuilt/darwin-x86_64/lib/clang/21/lib/linux/libclang_rt.builtins-x86_64-android.a -l:libunwind.a -ldl -lc /Users/abraralishah/Library/Android/sdk/ndk/29.0.14206865/toolchains/llvm/prebuilt/darwin-x86_64/lib/clang/21/lib/linux/libclang_rt.builtins-x86_64-android.a -l:libunwind.a -ldl /Users/abraralishah/Library/Android/sdk/ndk/29.0.14206865/toolchains/llvm/prebuilt/darwin-x86_64/sysroot/usr/lib/x86_64-linux-android/24/crtend_android.o]
    arg [/Users/abraralishah/Library/Android/sdk/ndk/29.0.14206865/toolchains/llvm/prebuilt/darwin-x86_64/bin/ld.lld] ==> ignore
    arg [--sysroot=/Users/abraralishah/Library/Android/sdk/ndk/29.0.14206865/toolchains/llvm/prebuilt/darwin-x86_64/sysroot] ==> ignore
    arg [-znow] ==> ignore
    arg [-zrelro] ==> ignore
    arg [-zmax-page-size=16384] ==> ignore
    arg [--no-rosegment] ==> ignore
    arg [--hash-style=gnu] ==> ignore
    arg [--eh-frame-hdr] ==> ignore
    arg [-m] ==> ignore
    arg [elf_x86_64] ==> ignore
    arg [-pie] ==> ignore
    arg [-dynamic-linker] ==> ignore
    arg [/system/bin/linker64] ==> ignore
    arg [-o] ==> ignore
    arg [cmTC_6993b] ==> ignore
    arg [-L/Users/abraralishah/Library/Android/sdk/ndk/29.0.14206865/toolchains/llvm/prebuilt/darwin-x86_64/lib/clang/21/lib/linux/x86_64] ==> dir [/Users/abraralishah/Library/Android/sdk/ndk/29.0.14206865/toolchains/llvm/prebuilt/darwin-x86_64/lib/clang/21/lib/linux/x86_64]
    arg [-L/Users/abraralishah/Library/Android/sdk/ndk/29.0.14206865/toolchains/llvm/prebuilt/darwin-x86_64/sysroot/usr/lib/x86_64-linux-android/24] ==> dir [/Users/abraralishah/Library/Android/sdk/ndk/29.0.14206865/toolchains/llvm/prebuilt/darwin-x86_64/sysroot/usr/lib/x86_64-linux-android/24]
    arg [-L/Users/abraralishah/Library/Android/sdk/ndk/29.0.14206865/toolchains/llvm/prebuilt/darwin-x86_64/sysroot/usr/lib/x86_64-linux-android] ==> dir [/Users/abraralishah/Library/Android/sdk/ndk/29.0.14206865/toolchains/llvm/prebuilt/darwin-x86_64/sysroot/usr/lib/x86_64-linux-android]
    arg [-L/Users/abraralishah/Library/Android/sdk/ndk/29.0.14206865/toolchains/llvm/prebuilt/darwin-x86_64/sysroot/usr/lib] ==> dir [/Users/abraralishah/Library/Android/sdk/ndk/29.0.14206865/toolchains/llvm/prebuilt/darwin-x86_64/sysroot/usr/lib]
    arg [--build-id=sha1] ==> ignore
    arg [--no-rosegment] ==> ignore
    arg [--no-undefined-version] ==> ignore
    arg [--fatal-warnings] ==> ignore
    arg [--no-undefined] ==> ignore
    arg [CMakeFiles/cmTC_6993b.dir/OpenMPTryFlag.c.o] ==> ignore
    arg [-latomic] ==> lib [atomic]
    arg [-lm] ==> lib [m]
    arg [-lomp] ==> lib [omp]
    arg [-L/Users/abraralishah/Library/Android/sdk/ndk/29.0.14206865/toolchains/llvm/prebuilt/darwin-x86_64/lib] ==> dir [/Users/abraralishah/Library/Android/sdk/ndk/29.0.14206865/toolchains/llvm/prebuilt/darwin-x86_64/lib]
    arg [/Users/abraralishah/Library/Android/sdk/ndk/29.0.14206865/toolchains/llvm/prebuilt/darwin-x86_64/lib/clang/21/lib/linux/libclang_rt.builtins-x86_64-android.a] ==> lib [/Users/abraralishah/Library/Android/sdk/ndk/29.0.14206865/toolchains/llvm/prebuilt/darwin-x86_64/lib/clang/21/lib/linux/libclang_rt.builtins-x86_64-android.a]
    arg [-l:libunwind.a] ==> lib [-l:libunwind.a]
    arg [-ldl] ==> lib [dl]
    arg [-lc] ==> lib [c]
    arg [/Users/abraralishah/Library/Android/sdk/ndk/29.0.14206865/toolchains/llvm/prebuilt/darwin-x86_64/lib/clang/21/lib/linux/libclang_rt.builtins-x86_64-android.a] ==> lib [/Users/abraralishah/Library/Android/sdk/ndk/29.0.14206865/toolchains/llvm/prebuilt/darwin-x86_64/lib/clang/21/lib/linux/libclang_rt.builtins-x86_64-android.a]
    arg [-l:libunwind.a] ==> lib [-l:libunwind.a]
    arg [-ldl] ==> lib [dl]
  remove lib [/Users/abraralishah/Library/Android/sdk/ndk/29.0.14206865/toolchains/llvm/prebuilt/darwin-x86_64/lib/clang/21/lib/linux/libclang_rt.builtins-x86_64-android.a]
  remove lib [/Users/abraralishah/Library/Android/sdk/ndk/29.0.14206865/toolchains/llvm/prebuilt/darwin-x86_64/lib/clang/21/lib/linux/libclang_rt.builtins-x86_64-android.a]
  collapse library dir [/Users/abraralishah/Library/Android/sdk/ndk/29.0.14206865/toolchains/llvm/prebuilt/darwin-x86_64/lib/clang/21/lib/linux/x86_64] ==> [/Users/abraralishah/Library/Android/sdk/ndk/29.0.14206865/toolchains/llvm/prebuilt/darwin-x86_64/lib/clang/21/lib/linux/x86_64]
  collapse library dir [/Users/abraralishah/Library/Android/sdk/ndk/29.0.14206865/toolchains/llvm/prebuilt/darwin-x86_64/sysroot/usr/lib/x86_64-linux-android/24] ==> [/Users/abraralishah/Library/Android/sdk/ndk/29.0.14206865/toolchains/llvm/prebuilt/darwin-x86_64/sysroot/usr/lib/x86_64-linux-android/24]
  collapse library dir [/Users/abraralishah/Library/Android/sdk/ndk/29.0.14206865/toolchains/llvm/prebuilt/darwin-x86_64/sysroot/usr/lib/x86_64-linux-android] ==> [/Users/abraralishah/Library/Android/sdk/ndk/29.0.14206865/toolchains/llvm/prebuilt/darwin-x86_64/sysroot/usr/lib/x86_64-linux-android]
  collapse library dir [/Users/abraralishah/Library/Android/sdk/ndk/29.0.14206865/toolchains/llvm/prebuilt/darwin-x86_64/sysroot/usr/lib] ==> [/Users/abraralishah/Library/Android/sdk/ndk/29.0.14206865/toolchains/llvm/prebuilt/darwin-x86_64/sysroot/usr/lib]
  collapse library dir [/Users/abraralishah/Library/Android/sdk/ndk/29.0.14206865/toolchains/llvm/prebuilt/darwin-x86_64/lib] ==> [/Users/abraralishah/Library/Android/sdk/ndk/29.0.14206865/toolchains/llvm/prebuilt/darwin-x86_64/lib]
  implicit libs: [atomic;m;omp;-l:libunwind.a;dl;c;-l:libunwind.a;dl]
  implicit objs: []
  implicit dirs: [/Users/abraralishah/Library/Android/sdk/ndk/29.0.14206865/toolchains/llvm/prebuilt/darwin-x86_64/lib/clang/21/lib/linux/x86_64;/Users/abraralishah/Library/Android/sdk/ndk/29.0.14206865/toolchains/llvm/prebuilt/darwin-x86_64/sysroot/usr/lib/x86_64-linux-android/24;/Users/abraralishah/Library/Android/sdk/ndk/29.0.14206865/toolchains/llvm/prebuilt/darwin-x86_64/sysroot/usr/lib/x86_64-linux-android;/Users/abraralishah/Library/Android/sdk/ndk/29.0.14206865/toolchains/llvm/prebuilt/darwin-x86_64/sysroot/usr/lib;/Users/abraralishah/Library/Android/sdk/ndk/29.0.14206865/toolchains/llvm/prebuilt/darwin-x86_64/lib]
  implicit fwks: []


Detecting CXX OpenMP compiler ABI info compiled with the following output:
Change Dir: /Users/abraralishah/Downloads/ncnn-android/app/.cxx/Debug/1r5f5p3z/x86_64/CMakeFiles/CMakeTmp

Run Build Command(s):/Users/abraralishah/Library/Android/sdk/cmake/3.22.1/bin/ninja cmTC_0517b && [1/2] Building CXX object CMakeFiles/cmTC_0517b.dir/OpenMPTryFlag.cpp.o
Android (13989888, +pgo, -bolt, +lto, -mlgo, based on r563880c) clang version 21.0.0 (https://android.googlesource.com/toolchain/llvm-project 5e96669f06077099aa41290cdb4c5e6fa0f59349)
Target: x86_64-none-linux-android24
Thread model: posix
InstalledDir: /Users/abraralishah/Library/Android/sdk/ndk/29.0.14206865/toolchains/llvm/prebuilt/darwin-x86_64/bin
 (in-process)
 "/Users/abraralishah/Library/Android/sdk/ndk/29.0.14206865/toolchains/llvm/prebuilt/darwin-x86_64/bin/clang++" -cc1 -triple x86_64-none-linux-android24 -emit-obj -disable-free -clear-ast-before-backend -disable-llvm-verifier -discard-value-names -main-file-name OpenMPTryFlag.cpp -mrelocation-model pic -pic-level 2 -pic-is-pie -mframe-pointer=non-leaf -ffp-contract=on -fno-rounding-math -mconstructor-aliases -funwind-tables=2 -target-cpu x86-64 -target-feature +sse4.2 -target-feature +popcnt -target-feature +cx16 -tune-cpu generic -debug-info-kind=constructor -dwarf-version=4 -debugger-tuning=gdb -fdebug-compilation-dir=/Users/abraralishah/Downloads/ncnn-android/app/.cxx/Debug/1r5f5p3z/x86_64/CMakeFiles/CMakeTmp -v -ffunction-sections -fdata-sections -fcoverage-compilation-dir=/Users/abraralishah/Downloads/ncnn-android/app/.cxx/Debug/1r5f5p3z/x86_64/CMakeFiles/CMakeTmp -resource-dir /Users/abraralishah/Library/Android/sdk/ndk/29.0.14206865/toolchains/llvm/prebuilt/darwin-x86_64/lib/clang/21 -dependency-file CMakeFiles/cmTC_0517b.dir/OpenMPTryFlag.cpp.o.d -MT CMakeFiles/cmTC_0517b.dir/OpenMPTryFlag.cpp.o -sys-header-deps -D ANDROID -D _FORTIFY_SOURCE=2 -isysroot /Users/abraralishah/Library/Android/sdk/ndk/29.0.14206865/toolchains/llvm/prebuilt/darwin-x86_64/sysroot -internal-isystem /Users/abraralishah/Library/Android/sdk/ndk/29.0.14206865/toolchains/llvm/prebuilt/darwin-x86_64/sysroot/usr/include/c++/v1 -internal-isystem /Users/abraralishah/Library/Android/sdk/ndk/29.0.14206865/toolchains/llvm/prebuilt/darwin-x86_64/lib/clang/21/include -internal-isystem /Users/abraralishah/Library/Android/sdk/ndk/29.0.14206865/toolchains/llvm/prebuilt/darwin-x86_64/sysroot/usr/local/include -internal-externc-isystem /Users/abraralishah/Library/Android/sdk/ndk/29.0.14206865/toolchains/llvm/prebuilt/darwin-x86_64/sysroot/usr/include/x86_64-linux-android -internal-externc-isystem /Users/abraralishah/Library/Android/sdk/ndk/29.0.14206865/toolchains/llvm/prebuilt/darwin-x86_64/sysroot/include -internal-externc-isystem /Users/abraralishah/Library/Android/sdk/ndk/29.0.14206865/toolchains/llvm/prebuilt/darwin-x86_64/sysroot/usr/include -Wformat -Werror=format-security -fdeprecated-macro -ferror-limit 19 -femulated-tls -fopenmp -stack-protector 2 -fgnuc-version=4.2.1 -fskip-odr-check-in-gmf -fcxx-exceptions -fexceptions -D__GCC_HAVE_DWARF2_CFI_ASM=1 -o CMakeFiles/cmTC_0517b.dir/OpenMPTryFlag.cpp.o -x c++ /Users/abraralishah/Downloads/ncnn-android/app/.cxx/Debug/1r5f5p3z/x86_64/CMakeFiles/FindOpenMP/OpenMPTryFlag.cpp
clang -cc1 version 21.0.0 based upon LLVM 21.0.0 default target arm64-apple-darwin25.2.0
ignoring nonexistent directory "/Users/abraralishah/Library/Android/sdk/ndk/29.0.14206865/toolchains/llvm/prebuilt/darwin-x86_64/sysroot/usr/local/include"
ignoring nonexistent directory "/Users/abraralishah/Library/Android/sdk/ndk/29.0.14206865/toolchains/llvm/prebuilt/darwin-x86_64/sysroot/include"
#include "..." search starts here:
#include <...> search starts here:
 /Users/abraralishah/Library/Android/sdk/ndk/29.0.14206865/toolchains/llvm/prebuilt/darwin-x86_64/sysroot/usr/include/c++/v1
 /Users/abraralishah/Library/Android/sdk/ndk/29.0.14206865/toolchains/llvm/prebuilt/darwin-x86_64/lib/clang/21/include
 /Users/abraralishah/Library/Android/sdk/ndk/29.0.14206865/toolchains/llvm/prebuilt/darwin-x86_64/sysroot/usr/include/x86_64-linux-android
 /Users/abraralishah/Library/Android/sdk/ndk/29.0.14206865/toolchains/llvm/prebuilt/darwin-x86_64/sysroot/usr/include
End of search list.
[2/2] Linking CXX executable cmTC_0517b
Android (13989888, +pgo, -bolt, +lto, -mlgo, based on r563880c) clang version 21.0.0 (https://android.googlesource.com/toolchain/llvm-project 5e96669f06077099aa41290cdb4c5e6fa0f59349)
Target: x86_64-none-linux-android24
Thread model: posix
InstalledDir: /Users/abraralishah/Library/Android/sdk/ndk/29.0.14206865/toolchains/llvm/prebuilt/darwin-x86_64/bin
 "/Users/abraralishah/Library/Android/sdk/ndk/29.0.14206865/toolchains/llvm/prebuilt/darwin-x86_64/bin/ld.lld" --sysroot=/Users/abraralishah/Library/Android/sdk/ndk/29.0.14206865/toolchains/llvm/prebuilt/darwin-x86_64/sysroot -z now -z relro -z max-page-size=16384 --no-rosegment --hash-style=gnu --eh-frame-hdr -m elf_x86_64 -pie -dynamic-linker /system/bin/linker64 -o cmTC_0517b /Users/abraralishah/Library/Android/sdk/ndk/29.0.14206865/toolchains/llvm/prebuilt/darwin-x86_64/sysroot/usr/lib/x86_64-linux-android/24/crtbegin_dynamic.o -L/Users/abraralishah/Library/Android/sdk/ndk/29.0.14206865/toolchains/llvm/prebuilt/darwin-x86_64/lib/clang/21/lib/linux/x86_64 -L/Users/abraralishah/Library/Android/sdk/ndk/29.0.14206865/toolchains/llvm/prebuilt/darwin-x86_64/sysroot/usr/lib/x86_64-linux-android/24 -L/Users/abraralishah/Library/Android/sdk/ndk/29.0.14206865/toolchains/llvm/prebuilt/darwin-x86_64/sysroot/usr/lib/x86_64-linux-android -L/Users/abraralishah/Library/Android/sdk/ndk/29.0.14206865/toolchains/llvm/prebuilt/darwin-x86_64/sysroot/usr/lib --build-id=sha1 --no-rosegment --no-undefined-version --fatal-warnings --no-undefined CMakeFiles/cmTC_0517b.dir/OpenMPTryFlag.cpp.o -latomic -lm -Bstatic -lc++ -Bdynamic -lm -lomp -L/Users/abraralishah/Library/Android/sdk/ndk/29.0.14206865/toolchains/llvm/prebuilt/darwin-x86_64/lib /Users/abraralishah/Library/Android/sdk/ndk/29.0.14206865/toolchains/llvm/prebuilt/darwin-x86_64/lib/clang/21/lib/linux/libclang_rt.builtins-x86_64-android.a -l:libunwind.a -ldl -lc /Users/abraralishah/Library/Android/sdk/ndk/29.0.14206865/toolchains/llvm/prebuilt/darwin-x86_64/lib/clang/21/lib/linux/libclang_rt.builtins-x86_64-android.a -l:libunwind.a -ldl /Users/abraralishah/Library/Android/sdk/ndk/29.0.14206865/toolchains/llvm/prebuilt/darwin-x86_64/sysroot/usr/lib/x86_64-linux-android/24/crtend_android.o



Parsed CXX OpenMP implicit link information from above output:
  link line regex: [^( *|.*[/\])(ld\.lld|CMAKE_LINK_STARTFILE-NOTFOUND|([^/\]+-)?ld|collect2)[^/\]*( |$)]
  ignore line: [Change Dir: /Users/abraralishah/Downloads/ncnn-android/app/.cxx/Debug/1r5f5p3z/x86_64/CMakeFiles/CMakeTmp]
  ignore line: []
  ignore line: [Run Build Command(s):/Users/abraralishah/Library/Android/sdk/cmake/3.22.1/bin/ninja cmTC_0517b && [1/2] Building CXX object CMakeFiles/cmTC_0517b.dir/OpenMPTryFlag.cpp.o]
  ignore line: [Android (13989888  +pgo  -bolt  +lto  -mlgo  based on r563880c) clang version 21.0.0 (https://android.googlesource.com/toolchain/llvm-project 5e96669f06077099aa41290cdb4c5e6fa0f59349)]
  ignore line: [Target: x86_64-none-linux-android24]
  ignore line: [Thread model: posix]
  ignore line: [InstalledDir: /Users/abraralishah/Library/Android/sdk/ndk/29.0.14206865/toolchains/llvm/prebuilt/darwin-x86_64/bin]
  ignore line: [ (in-process)]
  ignore line: [ "/Users/abraralishah/Library/Android/sdk/ndk/29.0.14206865/toolchains/llvm/prebuilt/darwin-x86_64/bin/clang++" -cc1 -triple x86_64-none-linux-android24 -emit-obj -disable-free -clear-ast-before-backend -disable-llvm-verifier -discard-value-names -main-file-name OpenMPTryFlag.cpp -mrelocation-model pic -pic-level 2 -pic-is-pie -mframe-pointer=non-leaf -ffp-contract=on -fno-rounding-math -mconstructor-aliases -funwind-tables=2 -target-cpu x86-64 -target-feature +sse4.2 -target-feature +popcnt -target-feature +cx16 -tune-cpu generic -debug-info-kind=constructor -dwarf-version=4 -debugger-tuning=gdb -fdebug-compilation-dir=/Users/abraralishah/Downloads/ncnn-android/app/.cxx/Debug/1r5f5p3z/x86_64/CMakeFiles/CMakeTmp -v -ffunction-sections -fdata-sections -fcoverage-compilation-dir=/Users/abraralishah/Downloads/ncnn-android/app/.cxx/Debug/1r5f5p3z/x86_64/CMakeFiles/CMakeTmp -resource-dir /Users/abraralishah/Library/Android/sdk/ndk/29.0.14206865/toolchains/llvm/prebuilt/darwin-x86_64/lib/clang/21 -dependency-file CMakeFiles/cmTC_0517b.dir/OpenMPTryFlag.cpp.o.d -MT CMakeFiles/cmTC_0517b.dir/OpenMPTryFlag.cpp.o -sys-header-deps -D ANDROID -D _FORTIFY_SOURCE=2 -isysroot /Users/abraralishah/Library/Android/sdk/ndk/29.0.14206865/toolchains/llvm/prebuilt/darwin-x86_64/sysroot -internal-isystem /Users/abraralishah/Library/Android/sdk/ndk/29.0.14206865/toolchains/llvm/prebuilt/darwin-x86_64/sysroot/usr/include/c++/v1 -internal-isystem /Users/abraralishah/Library/Android/sdk/ndk/29.0.14206865/toolchains/llvm/prebuilt/darwin-x86_64/lib/clang/21/include -internal-isystem /Users/abraralishah/Library/Android/sdk/ndk/29.0.14206865/toolchains/llvm/prebuilt/darwin-x86_64/sysroot/usr/local/include -internal-externc-isystem /Users/abraralishah/Library/Android/sdk/ndk/29.0.14206865/toolchains/llvm/prebuilt/darwin-x86_64/sysroot/usr/include/x86_64-linux-android -internal-externc-isystem /Users/abraralishah/Library/Android/sdk/ndk/29.0.14206865/toolchains/llvm/prebuilt/darwin-x86_64/sysroot/include -internal-externc-isystem /Users/abraralishah/Library/Android/sdk/ndk/29.0.14206865/toolchains/llvm/prebuilt/darwin-x86_64/sysroot/usr/include -Wformat -Werror=format-security -fdeprecated-macro -ferror-limit 19 -femulated-tls -fopenmp -stack-protector 2 -fgnuc-version=4.2.1 -fskip-odr-check-in-gmf -fcxx-exceptions -fexceptions -D__GCC_HAVE_DWARF2_CFI_ASM=1 -o CMakeFiles/cmTC_0517b.dir/OpenMPTryFlag.cpp.o -x c++ /Users/abraralishah/Downloads/ncnn-android/app/.cxx/Debug/1r5f5p3z/x86_64/CMakeFiles/FindOpenMP/OpenMPTryFlag.cpp]
  ignore line: [clang -cc1 version 21.0.0 based upon LLVM 21.0.0 default target arm64-apple-darwin25.2.0]
  ignore line: [ignoring nonexistent directory "/Users/abraralishah/Library/Android/sdk/ndk/29.0.14206865/toolchains/llvm/prebuilt/darwin-x86_64/sysroot/usr/local/include"]
  ignore line: [ignoring nonexistent directory "/Users/abraralishah/Library/Android/sdk/ndk/29.0.14206865/toolchains/llvm/prebuilt/darwin-x86_64/sysroot/include"]
  ignore line: [#include "..." search starts here:]
  ignore line: [#include <...> search starts here:]
  ignore line: [ /Users/abraralishah/Library/Android/sdk/ndk/29.0.14206865/toolchains/llvm/prebuilt/darwin-x86_64/sysroot/usr/include/c++/v1]
  ignore line: [ /Users/abraralishah/Library/Android/sdk/ndk/29.0.14206865/toolchains/llvm/prebuilt/darwin-x86_64/lib/clang/21/include]
  ignore line: [ /Users/abraralishah/Library/Android/sdk/ndk/29.0.14206865/toolchains/llvm/prebuilt/darwin-x86_64/sysroot/usr/include/x86_64-linux-android]
  ignore line: [ /Users/abraralishah/Library/Android/sdk/ndk/29.0.14206865/toolchains/llvm/prebuilt/darwin-x86_64/sysroot/usr/include]
  ignore line: [End of search list.]
  ignore line: [[2/2] Linking CXX executable cmTC_0517b]
  ignore line: [Android (13989888  +pgo  -bolt  +lto  -mlgo  based on r563880c) clang version 21.0.0 (https://android.googlesource.com/toolchain/llvm-project 5e96669f06077099aa41290cdb4c5e6fa0f59349)]
  ignore line: [Target: x86_64-none-linux-android24]
  ignore line: [Thread model: posix]
  ignore line: [InstalledDir: /Users/abraralishah/Library/Android/sdk/ndk/29.0.14206865/toolchains/llvm/prebuilt/darwin-x86_64/bin]
  link line: [ "/Users/abraralishah/Library/Android/sdk/ndk/29.0.14206865/toolchains/llvm/prebuilt/darwin-x86_64/bin/ld.lld" --sysroot=/Users/abraralishah/Library/Android/sdk/ndk/29.0.14206865/toolchains/llvm/prebuilt/darwin-x86_64/sysroot -z now -z relro -z max-page-size=16384 --no-rosegment --hash-style=gnu --eh-frame-hdr -m elf_x86_64 -pie -dynamic-linker /system/bin/linker64 -o cmTC_0517b /Users/abraralishah/Library/Android/sdk/ndk/29.0.14206865/toolchains/llvm/prebuilt/darwin-x86_64/sysroot/usr/lib/x86_64-linux-android/24/crtbegin_dynamic.o -L/Users/abraralishah/Library/Android/sdk/ndk/29.0.14206865/toolchains/llvm/prebuilt/darwin-x86_64/lib/clang/21/lib/linux/x86_64 -L/Users/abraralishah/Library/Android/sdk/ndk/29.0.14206865/toolchains/llvm/prebuilt/darwin-x86_64/sysroot/usr/lib/x86_64-linux-android/24 -L/Users/abraralishah/Library/Android/sdk/ndk/29.0.14206865/toolchains/llvm/prebuilt/darwin-x86_64/sysroot/usr/lib/x86_64-linux-android -L/Users/abraralishah/Library/Android/sdk/ndk/29.0.14206865/toolchains/llvm/prebuilt/darwin-x86_64/sysroot/usr/lib --build-id=sha1 --no-rosegment --no-undefined-version --fatal-warnings --no-undefined CMakeFiles/cmTC_0517b.dir/OpenMPTryFlag.cpp.o -latomic -lm -Bstatic -lc++ -Bdynamic -lm -lomp -L/Users/abraralishah/Library/Android/sdk/ndk/29.0.14206865/toolchains/llvm/prebuilt/darwin-x86_64/lib /Users/abraralishah/Library/Android/sdk/ndk/29.0.14206865/toolchains/llvm/prebuilt/darwin-x86_64/lib/clang/21/lib/linux/libclang_rt.builtins-x86_64-android.a -l:libunwind.a -ldl -lc /Users/abraralishah/Library/Android/sdk/ndk/29.0.14206865/toolchains/llvm/prebuilt/darwin-x86_64/lib/clang/21/lib/linux/libclang_rt.builtins-x86_64-android.a -l:libunwind.a -ldl /Users/abraralishah/Library/Android/sdk/ndk/29.0.14206865/toolchains/llvm/prebuilt/darwin-x86_64/sysroot/usr/lib/x86_64-linux-android/24/crtend_android.o]
    arg [/Users/abraralishah/Library/Android/sdk/ndk/29.0.14206865/toolchains/llvm/prebuilt/darwin-x86_64/bin/ld.lld] ==> ignore
    arg [--sysroot=/Users/abraralishah/Library/Android/sdk/ndk/29.0.14206865/toolchains/llvm/prebuilt/darwin-x86_64/sysroot] ==> ignore
    arg [-znow] ==> ignore
    arg [-zrelro] ==> ignore
    arg [-zmax-page-size=16384] ==> ignore
    arg [--no-rosegment] ==> ignore
    arg [--hash-style=gnu] ==> ignore
    arg [--eh-frame-hdr] ==> ignore
    arg [-m] ==> ignore
    arg [elf_x86_64] ==> ignore
    arg [-pie] ==> ignore
    arg [-dynamic-linker] ==> ignore
    arg [/system/bin/linker64] ==> ignore
    arg [-o] ==> ignore
    arg [cmTC_0517b] ==> ignore
    arg [-L/Users/abraralishah/Library/Android/sdk/ndk/29.0.14206865/toolchains/llvm/prebuilt/darwin-x86_64/lib/clang/21/lib/linux/x86_64] ==> dir [/Users/abraralishah/Library/Android/sdk/ndk/29.0.14206865/toolchains/llvm/prebuilt/darwin-x86_64/lib/clang/21/lib/linux/x86_64]
    arg [-L/Users/abraralishah/Library/Android/sdk/ndk/29.0.14206865/toolchains/llvm/prebuilt/darwin-x86_64/sysroot/usr/lib/x86_64-linux-android/24] ==> dir [/Users/abraralishah/Library/Android/sdk/ndk/29.0.14206865/toolchains/llvm/prebuilt/darwin-x86_64/sysroot/usr/lib/x86_64-linux-android/24]
    arg [-L/Users/abraralishah/Library/Android/sdk/ndk/29.0.14206865/toolchains/llvm/prebuilt/darwin-x86_64/sysroot/usr/lib/x86_64-linux-android] ==> dir [/Users/abraralishah/Library/Android/sdk/ndk/29.0.14206865/toolchains/llvm/prebuilt/darwin-x86_64/sysroot/usr/lib/x86_64-linux-android]
    arg [-L/Users/abraralishah/Library/Android/sdk/ndk/29.0.14206865/toolchains/llvm/prebuilt/darwin-x86_64/sysroot/usr/lib] ==> dir [/Users/abraralishah/Library/Android/sdk/ndk/29.0.14206865/toolchains/llvm/prebuilt/darwin-x86_64/sysroot/usr/lib]
    arg [--build-id=sha1] ==> ignore
    arg [--no-rosegment] ==> ignore
    arg [--no-undefined-version] ==> ignore
    arg [--fatal-warnings] ==> ignore
    arg [--no-undefined] ==> ignore
    arg [CMakeFiles/cmTC_0517b.dir/OpenMPTryFlag.cpp.o] ==> ignore
    arg [-latomic] ==> lib [atomic]
    arg [-lm] ==> lib [m]
    arg [-Bstatic] ==> search static
    arg [-lc++] ==> lib [c++]
    arg [-Bdynamic] ==> search dynamic
    arg [-lm] ==> lib [m]
    arg [-lomp] ==> lib [omp]
    arg [-L/Users/abraralishah/Library/Android/sdk/ndk/29.0.14206865/toolchains/llvm/prebuilt/darwin-x86_64/lib] ==> dir [/Users/abraralishah/Library/Android/sdk/ndk/29.0.14206865/toolchains/llvm/prebuilt/darwin-x86_64/lib]
    arg [/Users/abraralishah/Library/Android/sdk/ndk/29.0.14206865/toolchains/llvm/prebuilt/darwin-x86_64/lib/clang/21/lib/linux/libclang_rt.builtins-x86_64-android.a] ==> lib [/Users/abraralishah/Library/Android/sdk/ndk/29.0.14206865/toolchains/llvm/prebuilt/darwin-x86_64/lib/clang/21/lib/linux/libclang_rt.builtins-x86_64-android.a]
    arg [-l:libunwind.a] ==> lib [-l:libunwind.a]
    arg [-ldl] ==> lib [dl]
    arg [-lc] ==> lib [c]
    arg [/Users/abraralishah/Library/Android/sdk/ndk/29.0.14206865/toolchains/llvm/prebuilt/darwin-x86_64/lib/clang/21/lib/linux/libclang_rt.builtins-x86_64-android.a] ==> lib [/Users/abraralishah/Library/Android/sdk/ndk/29.0.14206865/toolchains/llvm/prebuilt/darwin-x86_64/lib/clang/21/lib/linux/libclang_rt.builtins-x86_64-android.a]
    arg [-l:libunwind.a] ==> lib [-l:libunwind.a]
    arg [-ldl] ==> lib [dl]
  remove lib [/Users/abraralishah/Library/Android/sdk/ndk/29.0.14206865/toolchains/llvm/prebuilt/darwin-x86_64/lib/clang/21/lib/linux/libclang_rt.builtins-x86_64-android.a]
  remove lib [/Users/abraralishah/Library/Android/sdk/ndk/29.0.14206865/toolchains/llvm/prebuilt/darwin-x86_64/lib/clang/21/lib/linux/libclang_rt.builtins-x86_64-android.a]
  collapse library dir [/Users/abraralishah/Library/Android/sdk/ndk/29.0.14206865/toolchains/llvm/prebuilt/darwin-x86_64/lib/clang/21/lib/linux/x86_64] ==> [/Users/abraralishah/Library/Android/sdk/ndk/29.0.14206865/toolchains/llvm/prebuilt/darwin-x86_64/lib/clang/21/lib/linux/x86_64]
  collapse library dir [/Users/abraralishah/Library/Android/sdk/ndk/29.0.14206865/toolchains/llvm/prebuilt/darwin-x86_64/sysroot/usr/lib/x86_64-linux-android/24] ==> [/Users/abraralishah/Library/Android/sdk/ndk/29.0.14206865/toolchains/llvm/prebuilt/darwin-x86_64/sysroot/usr/lib/x86_64-linux-android/24]
  collapse library dir [/Users/abraralishah/Library/Android/sdk/ndk/29.0.14206865/toolchains/llvm/prebuilt/darwin-x86_64/sysroot/usr/lib/x86_64-linux-android] ==> [/Users/abraralishah/Library/Android/sdk/ndk/29.0.14206865/toolchains/llvm/prebuilt/darwin-x86_64/sysroot/usr/lib/x86_64-linux-android]
  collapse library dir [/Users/abraralishah/Library/Android/sdk/ndk/29.0.14206865/toolchains/llvm/prebuilt/darwin-x86_64/sysroot/usr/lib] ==> [/Users/abraralishah/Library/Android/sdk/ndk/29.0.14206865/toolchains/llvm/prebuilt/darwin-x86_64/sysroot/usr/lib]
  collapse library dir [/Users/abraralishah/Library/Android/sdk/ndk/29.0.14206865/toolchains/llvm/prebuilt/darwin-x86_64/lib] ==> [/Users/abraralishah/Library/Android/sdk/ndk/29.0.14206865/toolchains/llvm/prebuilt/darwin-x86_64/lib]
  implicit libs: [atomic;m;c++;m;omp;-l:libunwind.a;dl;c;-l:libunwind.a;dl]
  implicit objs: []
  implicit dirs: [/Users/abraralishah/Library/Android/sdk/ndk/29.0.14206865/toolchains/llvm/prebuilt/darwin-x86_64/lib/clang/21/lib/linux/x86_64;/Users/abraralishah/Library/Android/sdk/ndk/29.0.14206865/toolchains/llvm/prebuilt/darwin-x86_64/sysroot/usr/lib/x86_64-linux-android/24;/Users/abraralishah/Library/Android/sdk/ndk/29.0.14206865/toolchains/llvm/prebuilt/darwin-x86_64/sysroot/usr/lib/x86_64-linux-android;/Users/abraralishah/Library/Android/sdk/ndk/29.0.14206865/toolchains/llvm/prebuilt/darwin-x86_64/sysroot/usr/lib;/Users/abraralishah/Library/Android/sdk/ndk/29.0.14206865/toolchains/llvm/prebuilt/darwin-x86_64/lib]
  implicit fwks: []


Determining if the include file pthread.h exists passed with the following output:
Change Dir: /Users/abraralishah/Downloads/ncnn-android/app/.cxx/Debug/1r5f5p3z/x86_64/CMakeFiles/CMakeTmp

Run Build Command(s):/Users/abraralishah/Library/Android/sdk/cmake/3.22.1/bin/ninja cmTC_103dc && [1/2] Building C object CMakeFiles/cmTC_103dc.dir/CheckIncludeFile.c.o
[2/2] Linking C executable cmTC_103dc



